[22/Aug/2016 13:21:26] "GET /admin HTTP/1.1" 301 0
[22/Aug/2016 13:21:26] "GET /admin/ HTTP/1.1" 302 0
[22/Aug/2016 13:21:26] "GET /admin/login/?next=/admin/ HTTP/1.1" 200 1730
[22/Aug/2016 13:21:26] "GET /static/admin/css/login.css HTTP/1.1" 200 1203
[22/Aug/2016 13:21:26] "GET /static/admin/css/base.css HTTP/1.1" 200 15897
[22/Aug/2016 13:21:26] "GET /static/admin/css/fonts.css HTTP/1.1" 200 423
[22/Aug/2016 13:21:26] "GET /static/admin/fonts/Roboto-Light-webfont.woff HTTP/1.1" 200 81348
[22/Aug/2016 13:21:26] "GET /static/admin/fonts/Roboto-Regular-webfont.woff HTTP/1.1" 200 80304
[22/Aug/2016 13:21:30] "POST /admin/login/?next=/admin/ HTTP/1.1" 302 0
[22/Aug/2016 13:21:30] "GET /admin/ HTTP/1.1" 200 10107
[22/Aug/2016 13:21:30] "GET /static/admin/css/dashboard.css HTTP/1.1" 200 434
[22/Aug/2016 13:21:30] "GET /static/admin/img/icon-addlink.svg HTTP/1.1" 200 331
[22/Aug/2016 13:21:30] "GET /static/admin/img/icon-changelink.svg HTTP/1.1" 200 380
[22/Aug/2016 13:21:30] "GET /static/admin/fonts/Roboto-Bold-webfont.woff HTTP/1.1" 200 82564
[22/Aug/2016 13:21:32] "GET /admin/auth/user/ HTTP/1.1" 200 9290
[22/Aug/2016 13:21:32] "GET /static/admin/css/changelists.css HTTP/1.1" 200 6100
[22/Aug/2016 13:21:32] "GET /static/admin/js/core.js HTTP/1.1" 200 8366
[22/Aug/2016 13:21:32] "GET /static/admin/js/jquery.init.js HTTP/1.1" 200 363
[22/Aug/2016 13:21:32] "GET /static/admin/js/admin/RelatedObjectLookups.js HTTP/1.1" 200 7171
[22/Aug/2016 13:21:32] "GET /static/admin/js/actions.js HTTP/1.1" 200 6259
[22/Aug/2016 13:21:32] "GET /static/admin/js/urlify.js HTTP/1.1" 200 7693
[22/Aug/2016 13:21:32] "GET /static/admin/js/prepopulate.js HTTP/1.1" 200 1538
[22/Aug/2016 13:21:32] "GET /admin/jsi18n/ HTTP/1.1" 200 6696
[22/Aug/2016 13:21:32] "GET /static/admin/js/vendor/xregexp/xregexp.min.js HTTP/1.1" 200 62474
[22/Aug/2016 13:21:32] "GET /static/admin/js/vendor/jquery/jquery.js HTTP/1.1" 200 247597
[22/Aug/2016 13:21:32] "GET /static/admin/img/search.svg HTTP/1.1" 200 458
[22/Aug/2016 13:21:32] "GET /static/admin/img/icon-no.svg HTTP/1.1" 200 560
[22/Aug/2016 13:21:32] "GET /static/admin/img/icon-yes.svg HTTP/1.1" 200 436
[22/Aug/2016 13:21:32] "GET /static/admin/img/tooltag-add.svg HTTP/1.1" 200 331
[22/Aug/2016 13:21:32] "GET /static/admin/img/sorting-icons.svg HTTP/1.1" 200 1097
[22/Aug/2016 13:21:43] "POST /admin/auth/user/ HTTP/1.1" 200 6209
[22/Aug/2016 13:21:47] "POST /admin/auth/user/ HTTP/1.1" 302 0
[22/Aug/2016 13:21:47] "GET /admin/auth/user/ HTTP/1.1" 200 6882
[22/Aug/2016 13:21:47] "GET /admin/jsi18n/ HTTP/1.1" 200 6696
[22/Aug/2016 13:22:12] "GET /admin/auth/user/ HTTP/1.1" 200 6748
[22/Aug/2016 13:22:12] "GET /static/admin/js/core.js HTTP/1.1" 304 0
[22/Aug/2016 13:22:12] "GET /static/admin/css/changelists.css HTTP/1.1" 304 0
[22/Aug/2016 13:22:12] "GET /static/admin/js/jquery.init.js HTTP/1.1" 304 0
[22/Aug/2016 13:22:12] "GET /static/admin/css/base.css HTTP/1.1" 304 0
[22/Aug/2016 13:22:12] "GET /static/admin/js/vendor/jquery/jquery.js HTTP/1.1" 304 0
[22/Aug/2016 13:22:12] "GET /static/admin/js/prepopulate.js HTTP/1.1" 304 0
[22/Aug/2016 13:22:12] "GET /admin/jsi18n/ HTTP/1.1" 200 6696
[22/Aug/2016 13:22:12] "GET /static/admin/js/actions.js HTTP/1.1" 304 0
[22/Aug/2016 13:22:12] "GET /static/admin/js/urlify.js HTTP/1.1" 304 0
[22/Aug/2016 13:22:12] "GET /static/admin/js/admin/RelatedObjectLookups.js HTTP/1.1" 304 0
[22/Aug/2016 13:22:12] "GET /static/admin/css/fonts.css HTTP/1.1" 304 0
[22/Aug/2016 13:22:12] "GET /static/admin/js/vendor/xregexp/xregexp.min.js HTTP/1.1" 304 0
[22/Aug/2016 13:22:12] "GET /static/admin/img/search.svg HTTP/1.1" 304 0
[22/Aug/2016 13:22:12] "GET /static/admin/img/icon-yes.svg HTTP/1.1" 304 0
[22/Aug/2016 13:22:12] "GET /static/admin/fonts/Roboto-Light-webfont.woff HTTP/1.1" 304 0
[22/Aug/2016 13:22:12] "GET /static/admin/fonts/Roboto-Regular-webfont.woff HTTP/1.1" 304 0
[22/Aug/2016 13:22:12] "GET /static/admin/fonts/Roboto-Bold-webfont.woff HTTP/1.1" 304 0
[22/Aug/2016 13:22:12] "GET /static/admin/img/tooltag-add.svg HTTP/1.1" 304 0
[22/Aug/2016 13:22:12] "GET /static/admin/img/sorting-icons.svg HTTP/1.1" 304 0
[22/Aug/2016 13:23:49] "GET /admin/auth/user/add/ HTTP/1.1" 200 5620
[22/Aug/2016 13:23:49] "GET /static/admin/css/forms.css HTTP/1.1" 200 7750
[22/Aug/2016 13:23:49] "GET /admin/jsi18n/ HTTP/1.1" 200 6696
[22/Aug/2016 13:23:49] "GET /static/admin/css/widgets.css HTTP/1.1" 200 10340
[22/Aug/2016 13:23:59] "POST /admin/auth/user/add/ HTTP/1.1" 302 0
[22/Aug/2016 13:23:59] "GET /admin/auth/user/8/change/ HTTP/1.1" 200 15853
[22/Aug/2016 13:23:59] "GET /static/admin/js/SelectFilter2.js HTTP/1.1" 200 11202
[22/Aug/2016 13:23:59] "GET /static/admin/js/SelectBox.js HTTP/1.1" 200 5204
[22/Aug/2016 13:23:59] "GET /static/admin/js/admin/DateTimeShortcuts.js HTTP/1.1" 200 18563
[22/Aug/2016 13:23:59] "GET /static/admin/js/calendar.js HTTP/1.1" 200 6875
[22/Aug/2016 13:23:59] "GET /admin/jsi18n/ HTTP/1.1" 200 6696
[22/Aug/2016 13:24:00] "GET /static/admin/img/icon-clock.svg HTTP/1.1" 200 677
[22/Aug/2016 13:24:00] "GET /static/admin/img/selector-icons.svg HTTP/1.1" 200 3291
[22/Aug/2016 13:24:00] "GET /static/admin/img/icon-unknown.svg HTTP/1.1" 200 655
[22/Aug/2016 13:24:00] "GET /static/admin/img/icon-calendar.svg HTTP/1.1" 200 1086
[22/Aug/2016 13:24:00] "GET /static/admin/img/icon-unknown-alt.svg HTTP/1.1" 200 655
[22/Aug/2016 13:24:12] "POST /admin/auth/user/8/change/ HTTP/1.1" 302 0
[22/Aug/2016 13:24:12] "GET /admin/auth/user/ HTTP/1.1" 200 7332
[22/Aug/2016 13:24:12] "GET /admin/jsi18n/ HTTP/1.1" 200 6696
[22/Aug/2016 13:24:17] "GET /p/add HTTP/1.1" 200 2631
[22/Aug/2016 13:24:17] "GET /static/css/font-awesome.min.css HTTP/1.1" 404 1689
[22/Aug/2016 13:24:37] "POST /p/add HTTP/1.1" 302 0
[22/Aug/2016 13:24:37] "GET / HTTP/1.1" 200 3122
[22/Aug/2016 13:24:37] "GET /static/css/font-awesome.min.css HTTP/1.1" 404 1689
[22/Aug/2016 13:24:42] "GET / HTTP/1.1" 200 3122
[22/Aug/2016 13:24:42] "GET /static/css/bootstrap-theme.css HTTP/1.1" 304 0
[22/Aug/2016 13:24:42] "GET /static/css/font-awesome.min.css HTTP/1.1" 404 1689
[22/Aug/2016 13:24:42] "GET /static/css/bootstrap.css HTTP/1.1" 304 0
[22/Aug/2016 13:24:42] "GET /static/js/jquery.min.js HTTP/1.1" 304 0
[22/Aug/2016 13:24:42] "GET /static/js/bootstrap.min.js HTTP/1.1" 304 0
[22/Aug/2016 13:24:56] "GET /admin/auth/user/ HTTP/1.1" 302 0
[22/Aug/2016 13:24:56] "GET /admin/login/?next=/admin/auth/user/ HTTP/1.1" 200 1908
[22/Aug/2016 13:24:56] "GET /static/admin/css/base.css HTTP/1.1" 304 0
[22/Aug/2016 13:24:56] "GET /static/admin/css/login.css HTTP/1.1" 304 0
[22/Aug/2016 13:24:56] "GET /static/admin/css/fonts.css HTTP/1.1" 304 0
[22/Aug/2016 13:24:56] "GET /static/admin/fonts/Roboto-Bold-webfont.woff HTTP/1.1" 304 0
[22/Aug/2016 13:24:56] "GET /static/admin/fonts/Roboto-Regular-webfont.woff HTTP/1.1" 304 0
[22/Aug/2016 13:24:56] "GET /static/admin/fonts/Roboto-Light-webfont.woff HTTP/1.1" 304 0
[22/Aug/2016 13:26:57] "POST /admin/login/?next=/admin/auth/user/ HTTP/1.1" 302 0
[22/Aug/2016 13:26:57] "GET /admin/auth/user/ HTTP/1.1" 200 7618
[22/Aug/2016 13:26:57] "GET /admin/jsi18n/ HTTP/1.1" 200 6696
[22/Aug/2016 13:27:02] "POST /admin/auth/user/ HTTP/1.1" 200 2778
[22/Aug/2016 13:27:03] "POST /admin/auth/user/ HTTP/1.1" 302 0
[22/Aug/2016 13:27:03] "GET /admin/auth/user/ HTTP/1.1" 200 6882
[22/Aug/2016 13:27:03] "GET /admin/jsi18n/ HTTP/1.1" 200 6696
[22/Aug/2016 13:27:08] "GET /admin/auth/user/add/ HTTP/1.1" 200 5620
[22/Aug/2016 13:27:08] "GET /admin/jsi18n/ HTTP/1.1" 200 6696
[22/Aug/2016 13:27:19] "POST /admin/auth/user/add/ HTTP/1.1" 302 0
[22/Aug/2016 13:27:19] "GET /admin/auth/user/add/ HTTP/1.1" 200 5820
[22/Aug/2016 13:27:19] "GET /admin/jsi18n/ HTTP/1.1" 200 6696
[22/Aug/2016 13:27:52] "GET /admin/auth/user/add/ HTTP/1.1" 200 5620
[22/Aug/2016 13:27:53] "GET /admin/auth/user/ HTTP/1.1" 200 7171
[22/Aug/2016 13:27:54] "GET /admin/jsi18n/ HTTP/1.1" 200 6696
[22/Aug/2016 13:27:57] "POST /admin/auth/user/ HTTP/1.1" 200 2519
[22/Aug/2016 13:27:59] "POST /admin/auth/user/ HTTP/1.1" 302 0
[22/Aug/2016 13:27:59] "GET /admin/auth/user/ HTTP/1.1" 200 6881
[22/Aug/2016 13:27:59] "GET /admin/jsi18n/ HTTP/1.1" 200 6696
[22/Aug/2016 13:28:08] "GET / HTTP/1.1" 200 2748
[22/Aug/2016 13:28:08] "GET /static/css/bootstrap.css HTTP/1.1" 304 0
[22/Aug/2016 13:28:08] "GET /static/css/bootstrap-theme.css HTTP/1.1" 304 0
[22/Aug/2016 13:28:08] "GET /static/css/font-awesome.min.css HTTP/1.1" 404 1689
[22/Aug/2016 13:28:08] "GET /static/js/bootstrap.min.js HTTP/1.1" 304 0
[22/Aug/2016 13:28:08] "GET /static/js/jquery.min.js HTTP/1.1" 304 0
[22/Aug/2016 13:28:13] "GET /login/ HTTP/1.1" 200 1800
[22/Aug/2016 13:28:13] "GET /static/css/font-awesome.min.css HTTP/1.1" 404 1689
[22/Aug/2016 13:28:18] "POST /login/ HTTP/1.1" 302 0
[22/Aug/2016 13:28:18] "GET / HTTP/1.1" 200 3023
[22/Aug/2016 13:28:18] "GET /static/css/font-awesome.min.css HTTP/1.1" 404 1689
[22/Aug/2016 13:28:24] "GET /tienda/ HTTP/1.1" 200 2504
[22/Aug/2016 13:28:24] "GET /static/css/font-awesome.min.css HTTP/1.1" 404 1689
[22/Aug/2016 13:28:26] "GET / HTTP/1.1" 200 3023
[22/Aug/2016 13:28:26] "GET /static/css/font-awesome.min.css HTTP/1.1" 404 1689
[22/Aug/2016 13:28:52] "GET /admin/auth/user/ HTTP/1.1" 200 8472
[22/Aug/2016 13:28:52] "GET /static/admin/css/changelists.css HTTP/1.1" 304 0
[22/Aug/2016 13:28:52] "GET /static/admin/js/core.js HTTP/1.1" 304 0
[22/Aug/2016 13:28:52] "GET /static/admin/css/base.css HTTP/1.1" 304 0
[22/Aug/2016 13:28:52] "GET /static/admin/js/jquery.init.js HTTP/1.1" 304 0
[22/Aug/2016 13:28:52] "GET /static/admin/js/vendor/jquery/jquery.js HTTP/1.1" 304 0
[22/Aug/2016 13:28:52] "GET /static/admin/js/admin/RelatedObjectLookups.js HTTP/1.1" 304 0
[22/Aug/2016 13:28:52] "GET /static/admin/js/actions.js HTTP/1.1" 304 0
[22/Aug/2016 13:28:52] "GET /static/admin/js/urlify.js HTTP/1.1" 304 0
[22/Aug/2016 13:28:52] "GET /static/admin/js/prepopulate.js HTTP/1.1" 304 0
[22/Aug/2016 13:28:52] "GET /static/admin/css/fonts.css HTTP/1.1" 304 0
[22/Aug/2016 13:28:52] "GET /admin/jsi18n/ HTTP/1.1" 200 6696
[22/Aug/2016 13:28:52] "GET /static/admin/js/vendor/xregexp/xregexp.min.js HTTP/1.1" 304 0
[22/Aug/2016 13:28:52] "GET /static/admin/img/search.svg HTTP/1.1" 304 0
[22/Aug/2016 13:28:52] "GET /static/admin/img/icon-yes.svg HTTP/1.1" 304 0
[22/Aug/2016 13:28:52] "GET /static/admin/img/icon-no.svg HTTP/1.1" 304 0
[22/Aug/2016 13:28:52] "GET /static/admin/img/tooltag-add.svg HTTP/1.1" 304 0
[22/Aug/2016 13:28:52] "GET /static/admin/fonts/Roboto-Bold-webfont.woff HTTP/1.1" 304 0
[22/Aug/2016 13:28:52] "GET /static/admin/fonts/Roboto-Light-webfont.woff HTTP/1.1" 304 0
[22/Aug/2016 13:28:52] "GET /static/admin/fonts/Roboto-Regular-webfont.woff HTTP/1.1" 304 0
[22/Aug/2016 13:28:52] "GET /static/admin/img/sorting-icons.svg HTTP/1.1" 304 0
[22/Aug/2016 13:28:55] "GET /admin/auth/user/ HTTP/1.1" 200 8472
[22/Aug/2016 13:28:56] "GET /admin/ HTTP/1.1" 200 9271
[22/Aug/2016 13:28:56] "GET /static/admin/img/icon-deletelink.svg HTTP/1.1" 200 392
[22/Aug/2016 13:28:58] "GET /admin/main/profile/ HTTP/1.1" 200 4427
[22/Aug/2016 13:28:58] "GET /admin/jsi18n/ HTTP/1.1" 200 6696
[22/Aug/2016 13:28:59] "GET /admin/ HTTP/1.1" 200 9271
[22/Aug/2016 13:30:25] "GET /admin/auth/user/ HTTP/1.1" 200 8472
[22/Aug/2016 13:30:25] "GET /admin/jsi18n/ HTTP/1.1" 200 6696
[22/Aug/2016 13:30:28] "GET /admin/main/profile/ HTTP/1.1" 200 4427
[22/Aug/2016 13:30:28] "GET /admin/jsi18n/ HTTP/1.1" 200 6696
[22/Aug/2016 13:30:31] "GET /admin/auth/user/4/change/ HTTP/1.1" 200 15767
[22/Aug/2016 13:30:31] "GET /admin/jsi18n/ HTTP/1.1" 200 6696
[22/Aug/2016 13:30:32] "GET /admin/auth/user/ HTTP/1.1" 200 8472
[22/Aug/2016 13:30:44] "GET / HTTP/1.1" 200 3377
[22/Aug/2016 13:30:44] "GET /static/css/font-awesome.min.css HTTP/1.1" 404 1689
[22/Aug/2016 13:30:44] "GET /static/css/bootstrap-theme.css HTTP/1.1" 304 0
[22/Aug/2016 13:30:44] "GET /static/css/bootstrap.css HTTP/1.1" 304 0
[22/Aug/2016 13:30:44] "GET /static/js/jquery.min.js HTTP/1.1" 304 0
[22/Aug/2016 13:30:44] "GET /static/js/bootstrap.min.js HTTP/1.1" 304 0
[22/Aug/2016 13:34:12] "GET /admin/ HTTP/1.1" 302 0
[22/Aug/2016 13:34:12] "GET /admin/login/?next=/admin/ HTTP/1.1" 200 1730
[22/Aug/2016 13:34:12] "GET /static/admin/css/login.css HTTP/1.1" 304 0
[22/Aug/2016 13:34:12] "GET /static/admin/css/base.css HTTP/1.1" 304 0
[22/Aug/2016 13:34:12] "GET /static/admin/css/fonts.css HTTP/1.1" 304 0
[22/Aug/2016 13:34:12] "GET /static/admin/fonts/Roboto-Light-webfont.woff HTTP/1.1" 304 0
[22/Aug/2016 13:34:12] "GET /static/admin/fonts/Roboto-Regular-webfont.woff HTTP/1.1" 304 0
[22/Aug/2016 13:34:16] "POST /admin/login/?next=/admin/ HTTP/1.1" 302 0
[22/Aug/2016 13:34:16] "GET /admin/ HTTP/1.1" 200 6672
[22/Aug/2016 13:34:16] "GET /static/admin/fonts/Roboto-Bold-webfont.woff HTTP/1.1" 304 0
[22/Aug/2016 13:34:18] "GET /admin/auth/user/ HTTP/1.1" 200 8472
[22/Aug/2016 13:34:18] "GET /admin/jsi18n/ HTTP/1.1" 200 6696
[22/Aug/2016 13:34:40] "GET /admin/ HTTP/1.1" 200 6672
[22/Aug/2016 13:34:41] "GET / HTTP/1.1" 200 2582
[22/Aug/2016 13:34:41] "GET /static/js/bootstrap.min.js HTTP/1.1" 304 0
[22/Aug/2016 13:34:41] "GET /static/css/bootstrap.css HTTP/1.1" 304 0
[22/Aug/2016 13:34:41] "GET /static/css/bootstrap-theme.css HTTP/1.1" 304 0
[22/Aug/2016 13:34:41] "GET /static/css/font-awesome.min.css HTTP/1.1" 404 1689
[22/Aug/2016 13:34:41] "GET /static/js/jquery.min.js HTTP/1.1" 304 0
[22/Aug/2016 13:34:51] "GET / HTTP/1.1" 200 3066
[22/Aug/2016 13:34:51] "GET /static/css/bootstrap-theme.css HTTP/1.1" 304 0
[22/Aug/2016 13:34:51] "GET /static/css/font-awesome.min.css HTTP/1.1" 404 1689
[22/Aug/2016 13:34:51] "GET /static/js/bootstrap.min.js HTTP/1.1" 304 0
[22/Aug/2016 13:34:51] "GET /static/js/jquery.min.js HTTP/1.1" 304 0
[22/Aug/2016 13:34:51] "GET /static/css/bootstrap.css HTTP/1.1" 304 0
[22/Aug/2016 13:34:58] "GET / HTTP/1.1" 200 3066
[22/Aug/2016 13:34:58] "GET /static/js/jquery.min.js HTTP/1.1" 304 0
[22/Aug/2016 13:34:58] "GET /static/css/bootstrap-theme.css HTTP/1.1" 304 0
[22/Aug/2016 13:34:58] "GET /static/css/bootstrap.css HTTP/1.1" 304 0
[22/Aug/2016 13:34:58] "GET /static/css/font-awesome.min.css HTTP/1.1" 404 1689
[22/Aug/2016 13:34:58] "GET /static/js/bootstrap.min.js HTTP/1.1" 304 0
[22/Aug/2016 13:35:05] "GET / HTTP/1.1" 200 3618
[22/Aug/2016 13:35:05] "GET /static/css/bootstrap-theme.css HTTP/1.1" 304 0
[22/Aug/2016 13:35:05] "GET /static/css/bootstrap.css HTTP/1.1" 304 0
[22/Aug/2016 13:35:05] "GET /static/css/font-awesome.min.css HTTP/1.1" 404 1689
[22/Aug/2016 13:35:05] "GET /static/js/jquery.min.js HTTP/1.1" 304 0
[22/Aug/2016 13:35:05] "GET /static/js/bootstrap.min.js HTTP/1.1" 304 0
[22/Aug/2016 13:35:17] "GET /e/3/ HTTP/1.1" 200 1732
[22/Aug/2016 13:35:17] "GET /static/css/font-awesome.min.css HTTP/1.1" 404 1689
[22/Aug/2016 13:35:25] "GET / HTTP/1.1" 200 3713
[22/Aug/2016 13:35:25] "GET /static/css/bootstrap.css HTTP/1.1" 304 0
[22/Aug/2016 13:35:25] "GET /static/css/font-awesome.min.css HTTP/1.1" 404 1689
[22/Aug/2016 13:35:25] "GET /static/js/jquery.min.js HTTP/1.1" 304 0
[22/Aug/2016 13:35:25] "GET /static/js/bootstrap.min.js HTTP/1.1" 304 0
[22/Aug/2016 13:35:25] "GET /static/css/bootstrap-theme.css HTTP/1.1" 304 0
[22/Aug/2016 13:36:22] "GET /r/9/ HTTP/1.1" 200 9805
[22/Aug/2016 13:36:22] "GET /static/css/font-awesome.min.css HTTP/1.1" 404 1689
[22/Aug/2016 13:36:42] "GET / HTTP/1.1" 200 3713
[22/Aug/2016 13:36:42] "GET /static/css/font-awesome.min.css HTTP/1.1" 404 1689
[22/Aug/2016 13:36:47] "GET /r/3/ HTTP/1.1" 200 9811
[22/Aug/2016 13:36:47] "GET /static/css/font-awesome.min.css HTTP/1.1" 404 1689
[22/Aug/2016 13:36:50] "GET /r/2/ HTTP/1.1" 200 9800
[22/Aug/2016 13:36:50] "GET /static/css/font-awesome.min.css HTTP/1.1" 404 1689
[22/Aug/2016 13:36:56] "GET /e/5/ HTTP/1.1" 200 1770
[22/Aug/2016 13:36:56] "GET /static/css/font-awesome.min.css HTTP/1.1" 404 1689
[22/Aug/2016 13:37:15] "GET /tienda/ HTTP/1.1" 200 1819
[22/Aug/2016 13:37:15] "GET /static/css/font-awesome.min.css HTTP/1.1" 404 1689
[22/Aug/2016 13:37:22] "GET /tienda/ HTTP/1.1" 200 2486
[22/Aug/2016 13:37:22] "GET /static/css/bootstrap.css HTTP/1.1" 304 0
[22/Aug/2016 13:37:22] "GET /static/css/font-awesome.min.css HTTP/1.1" 404 1689
[22/Aug/2016 13:37:22] "GET /static/css/bootstrap-theme.css HTTP/1.1" 304 0
[22/Aug/2016 13:37:22] "GET /static/js/jquery.min.js HTTP/1.1" 304 0
[22/Aug/2016 13:37:22] "GET /static/js/bootstrap.min.js HTTP/1.1" 304 0
Python 3.5.2 (default, Jul  5 2016, 12:43:10) 
[GCC 5.4.0 20160609] on linux
Type "help", "copyright", "credits" or "license" for more information.
(InteractiveConsole)
>>> Traceback (most recent call last):
  File "/home/chk-server/.local/lib/python3.5/site-packages/django/core/management/commands/shell.py", line 69, in handle
    self.run_shell(shell=options['interface'])
  File "/home/chk-server/.local/lib/python3.5/site-packages/django/core/management/commands/shell.py", line 61, in run_shell
    raise ImportError
ImportError

During handling of the above exception, another exception occurred:

Traceback (most recent call last):
  File "escuela/manage.py", line 10, in <module>
    execute_from_command_line(sys.argv)
  File "/home/chk-server/.local/lib/python3.5/site-packages/django/core/management/__init__.py", line 353, in execute_from_command_line
    utility.execute()
  File "/home/chk-server/.local/lib/python3.5/site-packages/django/core/management/__init__.py", line 345, in execute
    self.fetch_command(subcommand).run_from_argv(self.argv)
  File "/home/chk-server/.local/lib/python3.5/site-packages/django/core/management/base.py", line 348, in run_from_argv
    self.execute(*args, **cmd_options)
  File "/home/chk-server/.local/lib/python3.5/site-packages/django/core/management/base.py", line 399, in execute
    output = self.handle(*args, **options)
  File "/home/chk-server/.local/lib/python3.5/site-packages/django/core/management/commands/shell.py", line 101, in handle
    code.interact(local=imported_objects)
  File "/usr/lib/python3.5/code.py", line 292, in interact
    console.interact(banner)
  File "/usr/lib/python3.5/code.py", line 223, in interact
    line = self.raw_input(prompt)
  File "/usr/lib/python3.5/code.py", line 266, in raw_input
    return input(prompt)
OSError: [Errno 9] Bad file descriptor
[22/Aug/2016 16:38:15] "GET /admin/main/reto/ HTTP/1.1" 200 7044
[22/Aug/2016 16:38:15] "GET /admin/jsi18n/ HTTP/1.1" 200 6696
[22/Aug/2016 16:40:53] "GET /admin/main/reto/ HTTP/1.1" 200 7044
[22/Aug/2016 16:40:53] "GET /admin/jsi18n/ HTTP/1.1" 200 6696
[22/Aug/2016 16:43:05] "GET /admin/main/reto/ HTTP/1.1" 200 7044
[22/Aug/2016 16:43:05] "GET /admin/jsi18n/ HTTP/1.1" 200 6696
[22/Aug/2016 16:43:37] "GET /admin/main/reto/ HTTP/1.1" 200 7044
[22/Aug/2016 16:43:37] "GET /admin/jsi18n/ HTTP/1.1" 200 6696
[22/Aug/2016 16:43:45] "GET / HTTP/1.1" 200 3230
[22/Aug/2016 16:43:45] "GET /static/css/font-awesome.min.css HTTP/1.1" 404 1689
[22/Aug/2016 16:43:47] "GET / HTTP/1.1" 200 3230
[22/Aug/2016 16:43:47] "GET /static/css/bootstrap.css HTTP/1.1" 304 0
[22/Aug/2016 16:43:47] "GET /static/js/jquery.min.js HTTP/1.1" 304 0
[22/Aug/2016 16:43:47] "GET /static/css/bootstrap-theme.css HTTP/1.1" 304 0
[22/Aug/2016 16:43:47] "GET /static/css/font-awesome.min.css HTTP/1.1" 404 1689
[22/Aug/2016 16:43:47] "GET /static/js/bootstrap.min.js HTTP/1.1" 304 0
[22/Aug/2016 16:43:49] "GET /e/2/ HTTP/1.1" 200 1760
[22/Aug/2016 16:43:49] "GET /static/css/font-awesome.min.css HTTP/1.1" 404 1689
Internal Server Error: /r/1/
Traceback (most recent call last):
  File "/home/chk-server/.local/lib/python3.5/site-packages/django/core/handlers/base.py", line 149, in get_response
    response = self.process_exception_by_middleware(e, request)
  File "/home/chk-server/.local/lib/python3.5/site-packages/django/core/handlers/base.py", line 147, in get_response
    response = wrapped_callback(request, *callback_args, **callback_kwargs)
  File "/home/chk-server/Dropbox/dev/esc-go/escuela/main/views.py", line 56, in reto_detail
    tokens_activos = 0 if profile.count() == 0 else profile.first().tokens_activos()
  File "/home/chk-server/Dropbox/dev/esc-go/escuela/main/models.py", line 14, in tokens_activos
    ultimo_reto = Reto.ultimo_reto()
  File "/home/chk-server/Dropbox/dev/esc-go/escuela/main/models.py", line 102, in ultimo_reto
    return Reto.objects.filter(fecha__lt=fecha).order_by('fecha').reverse()[0]
  File "/home/chk-server/.local/lib/python3.5/site-packages/django/db/models/query.py", line 297, in __getitem__
    return list(qs)[0]
IndexError: list index out of range
[22/Aug/2016 16:43:52] "GET /r/1/ HTTP/1.1" 500 75474
Performing system checks...

System check identified no issues (0 silenced).
August 22, 2016 - 16:37:33
Django version 1.9.7, using settings 'escuela.settings'
Starting development server at http://0.0.0.0:8000/
Quit the server with CONTROL-C.
Internal Server Error: /r/1/
Traceback (most recent call last):
  File "/home/chk-server/.local/lib/python3.5/site-packages/django/core/handlers/base.py", line 149, in get_response
    response = self.process_exception_by_middleware(e, request)
  File "/home/chk-server/.local/lib/python3.5/site-packages/django/core/handlers/base.py", line 147, in get_response
    response = wrapped_callback(request, *callback_args, **callback_kwargs)
  File "/home/chk-server/Dropbox/dev/esc-go/escuela/main/views.py", line 56, in reto_detail
    tokens_activos = 0 if profile.count() == 0 else profile.first().tokens_activos()
  File "/home/chk-server/Dropbox/dev/esc-go/escuela/main/models.py", line 15, in tokens_activos
    compra_list = Compra.objects.filter(profile=self, fecha__range=(ultimo_reto.fecha, fecha))
AttributeError: 'NoneType' object has no attribute 'fecha'
[22/Aug/2016 16:45:27] "GET /r/1/ HTTP/1.1" 500 68565
Performing system checks...

System check identified no issues (0 silenced).
August 22, 2016 - 16:45:20
Django version 1.9.7, using settings 'escuela.settings'
Starting development server at http://0.0.0.0:8000/
Quit the server with CONTROL-C.
[22/Aug/2016 16:46:56] "GET /r/1/ HTTP/1.1" 200 3805
[22/Aug/2016 16:46:56] "GET /static/css/font-awesome.min.css HTTP/1.1" 404 1689
[22/Aug/2016 16:46:56] "GET /static/css/bootstrap-theme.css HTTP/1.1" 304 0
[22/Aug/2016 16:46:56] "GET /static/css/bootstrap.css HTTP/1.1" 304 0
[22/Aug/2016 16:46:56] "GET /static/js/jquery.min.js HTTP/1.1" 304 0
[22/Aug/2016 16:46:56] "GET /static/js/bootstrap.min.js HTTP/1.1" 304 0
[22/Aug/2016 16:47:01] "GET /tienda/ HTTP/1.1" 200 2486
[22/Aug/2016 16:47:01] "GET /static/css/font-awesome.min.css HTTP/1.1" 404 1689
[22/Aug/2016 16:47:02] "GET /tienda/c/3/ HTTP/1.1" 302 0
[22/Aug/2016 16:47:02] "GET /p/1/ HTTP/1.1" 200 1828
[22/Aug/2016 16:47:02] "GET /static/css/font-awesome.min.css HTTP/1.1" 404 1689
[22/Aug/2016 16:47:05] "GET /p/1/ HTTP/1.1" 200 1828
[22/Aug/2016 16:47:05] "GET /static/css/bootstrap-theme.css HTTP/1.1" 304 0
[22/Aug/2016 16:47:05] "GET /static/css/bootstrap.css HTTP/1.1" 304 0
[22/Aug/2016 16:47:05] "GET /static/js/bootstrap.min.js HTTP/1.1" 304 0
[22/Aug/2016 16:47:05] "GET /static/css/font-awesome.min.css HTTP/1.1" 404 1689
[22/Aug/2016 16:47:05] "GET /static/js/jquery.min.js HTTP/1.1" 304 0
Performing system checks...

System check identified no issues (0 silenced).
August 22, 2016 - 16:46:55
Django version 1.9.7, using settings 'escuela.settings'
Starting development server at http://0.0.0.0:8000/
Quit the server with CONTROL-C.
[22/Aug/2016 16:48:36] "GET /p/1/ HTTP/1.1" 200 1828
[22/Aug/2016 16:48:36] "GET /static/css/bootstrap-theme.css HTTP/1.1" 304 0
[22/Aug/2016 16:48:36] "GET /static/css/bootstrap.css HTTP/1.1" 304 0
[22/Aug/2016 16:48:36] "GET /static/js/jquery.min.js HTTP/1.1" 304 0
[22/Aug/2016 16:48:36] "GET /static/js/bootstrap.min.js HTTP/1.1" 304 0
[22/Aug/2016 16:48:36] "GET /static/css/font-awesome.min.css HTTP/1.1" 404 1689
[22/Aug/2016 16:48:37] "GET /p/1/ HTTP/1.1" 200 1828
[22/Aug/2016 16:48:37] "GET /static/css/bootstrap.css HTTP/1.1" 304 0
[22/Aug/2016 16:48:37] "GET /static/js/jquery.min.js HTTP/1.1" 304 0
[22/Aug/2016 16:48:37] "GET /static/css/bootstrap-theme.css HTTP/1.1" 304 0
[22/Aug/2016 16:48:37] "GET /static/css/font-awesome.min.css HTTP/1.1" 404 1689
[22/Aug/2016 16:48:37] "GET /static/js/bootstrap.min.js HTTP/1.1" 304 0
[22/Aug/2016 16:48:51] "GET /admin/ HTTP/1.1" 200 9722
[22/Aug/2016 16:48:53] "GET /admin/main/compra/ HTTP/1.1" 200 4427
[22/Aug/2016 16:48:53] "GET /admin/jsi18n/ HTTP/1.1" 200 6696
[22/Aug/2016 16:48:54] "GET /admin/main/compra/3/change/ HTTP/1.1" 200 7357
[22/Aug/2016 16:48:54] "GET /admin/jsi18n/ HTTP/1.1" 200 6696
Performing system checks...

System check identified no issues (0 silenced).
August 22, 2016 - 16:48:30
Django version 1.9.7, using settings 'escuela.settings'
Starting development server at http://0.0.0.0:8000/
Quit the server with CONTROL-C.
[22/Aug/2016 16:51:44] "GET /r/1/ HTTP/1.1" 200 3806
[22/Aug/2016 16:51:45] "GET /static/css/bootstrap-theme.css HTTP/1.1" 304 0
[22/Aug/2016 16:51:45] "GET /static/css/bootstrap.css HTTP/1.1" 304 0
[22/Aug/2016 16:51:45] "GET /static/js/jquery.min.js HTTP/1.1" 304 0
[22/Aug/2016 16:51:45] "GET /static/css/font-awesome.min.css HTTP/1.1" 404 1689
[22/Aug/2016 16:51:45] "GET /static/js/bootstrap.min.js HTTP/1.1" 304 0
[22/Aug/2016 16:51:45] "GET /p/1/ HTTP/1.1" 200 1829
[22/Aug/2016 16:51:45] "GET /static/css/font-awesome.min.css HTTP/1.1" 404 1689
[22/Aug/2016 16:51:45] "GET /static/css/bootstrap.css HTTP/1.1" 304 0
[22/Aug/2016 16:51:45] "GET /static/css/bootstrap-theme.css HTTP/1.1" 304 0
[22/Aug/2016 16:51:45] "GET /static/js/jquery.min.js HTTP/1.1" 304 0
[22/Aug/2016 16:51:45] "GET /static/js/bootstrap.min.js HTTP/1.1" 304 0
[22/Aug/2016 16:51:48] "GET / HTTP/1.1" 200 3230
[22/Aug/2016 16:51:48] "GET /static/css/font-awesome.min.css HTTP/1.1" 404 1689
[22/Aug/2016 16:51:49] "GET /r/1/ HTTP/1.1" 200 3806
[22/Aug/2016 16:51:49] "GET /static/css/font-awesome.min.css HTTP/1.1" 404 1689
[22/Aug/2016 16:51:51] "GET / HTTP/1.1" 200 3230
[22/Aug/2016 16:51:52] "GET /static/css/font-awesome.min.css HTTP/1.1" 404 1689
[22/Aug/2016 16:53:09] "GET /admin/main/ HTTP/1.1" 200 5440
[22/Aug/2016 16:53:11] "GET /admin/main/compra/ HTTP/1.1" 200 4427
[22/Aug/2016 16:53:11] "GET /admin/jsi18n/ HTTP/1.1" 200 6696
[22/Aug/2016 16:53:14] "POST /admin/main/compra/ HTTP/1.1" 200 2503
[22/Aug/2016 16:53:15] "POST /admin/main/compra/ HTTP/1.1" 302 0
[22/Aug/2016 16:53:15] "GET /admin/main/compra/ HTTP/1.1" 200 3344
[22/Aug/2016 16:53:15] "GET /admin/jsi18n/ HTTP/1.1" 200 6696
[22/Aug/2016 16:54:22] "GET /admin/main/reto/ HTTP/1.1" 200 7044
[22/Aug/2016 16:54:22] "GET /admin/jsi18n/ HTTP/1.1" 200 6696
[22/Aug/2016 16:54:38] "GET /admin/main/reto/ HTTP/1.1" 200 7044
[22/Aug/2016 16:54:38] "GET /static/admin/css/base.css HTTP/1.1" 304 0
[22/Aug/2016 16:54:38] "GET /static/admin/css/changelists.css HTTP/1.1" 304 0
[22/Aug/2016 16:54:38] "GET /static/admin/js/core.js HTTP/1.1" 304 0
[22/Aug/2016 16:54:38] "GET /static/admin/js/vendor/jquery/jquery.js HTTP/1.1" 304 0
[22/Aug/2016 16:54:38] "GET /static/admin/js/jquery.init.js HTTP/1.1" 304 0
[22/Aug/2016 16:54:38] "GET /static/admin/js/admin/RelatedObjectLookups.js HTTP/1.1" 304 0
[22/Aug/2016 16:54:38] "GET /static/admin/css/fonts.css HTTP/1.1" 304 0
[22/Aug/2016 16:54:38] "GET /static/admin/js/actions.js HTTP/1.1" 304 0
[22/Aug/2016 16:54:38] "GET /static/admin/js/urlify.js HTTP/1.1" 304 0
[22/Aug/2016 16:54:38] "GET /static/admin/js/prepopulate.js HTTP/1.1" 304 0
[22/Aug/2016 16:54:38] "GET /static/admin/js/vendor/xregexp/xregexp.min.js HTTP/1.1" 304 0
[22/Aug/2016 16:54:38] "GET /admin/jsi18n/ HTTP/1.1" 200 6696
[22/Aug/2016 16:54:38] "GET /static/admin/fonts/Roboto-Light-webfont.woff HTTP/1.1" 304 0
[22/Aug/2016 16:54:38] "GET /static/admin/fonts/Roboto-Bold-webfont.woff HTTP/1.1" 304 0
[22/Aug/2016 16:54:38] "GET /static/admin/fonts/Roboto-Regular-webfont.woff HTTP/1.1" 304 0
[22/Aug/2016 16:54:38] "GET /static/admin/img/tooltag-add.svg HTTP/1.1" 304 0
[22/Aug/2016 16:54:56] "GET /admin/main/reto/ HTTP/1.1" 200 7044
[22/Aug/2016 16:54:56] "GET /static/admin/js/core.js HTTP/1.1" 304 0
[22/Aug/2016 16:54:56] "GET /static/admin/css/changelists.css HTTP/1.1" 304 0
[22/Aug/2016 16:54:56] "GET /static/admin/css/base.css HTTP/1.1" 304 0
[22/Aug/2016 16:54:56] "GET /static/admin/js/vendor/jquery/jquery.js HTTP/1.1" 304 0
[22/Aug/2016 16:54:56] "GET /static/admin/js/jquery.init.js HTTP/1.1" 304 0
[22/Aug/2016 16:54:56] "GET /static/admin/js/admin/RelatedObjectLookups.js HTTP/1.1" 304 0
[22/Aug/2016 16:54:56] "GET /static/admin/js/actions.js HTTP/1.1" 304 0
[22/Aug/2016 16:54:56] "GET /admin/jsi18n/ HTTP/1.1" 200 6696
[22/Aug/2016 16:54:56] "GET /static/admin/js/urlify.js HTTP/1.1" 304 0
[22/Aug/2016 16:54:56] "GET /static/admin/js/prepopulate.js HTTP/1.1" 304 0
[22/Aug/2016 16:54:56] "GET /static/admin/css/fonts.css HTTP/1.1" 304 0
[22/Aug/2016 16:54:56] "GET /static/admin/js/vendor/xregexp/xregexp.min.js HTTP/1.1" 304 0
[22/Aug/2016 16:54:56] "GET /static/admin/fonts/Roboto-Bold-webfont.woff HTTP/1.1" 304 0
[22/Aug/2016 16:54:56] "GET /static/admin/fonts/Roboto-Light-webfont.woff HTTP/1.1" 304 0
[22/Aug/2016 16:54:56] "GET /static/admin/fonts/Roboto-Regular-webfont.woff HTTP/1.1" 304 0
[22/Aug/2016 16:54:56] "GET /static/admin/img/tooltag-add.svg HTTP/1.1" 304 0
[22/Aug/2016 16:55:03] "GET / HTTP/1.1" 200 3230
[22/Aug/2016 16:55:03] "GET /static/css/font-awesome.min.css HTTP/1.1" 404 1689
[22/Aug/2016 16:55:05] "GET /tienda/ HTTP/1.1" 200 2486
[22/Aug/2016 16:55:05] "GET /static/css/font-awesome.min.css HTTP/1.1" 404 1689
[22/Aug/2016 16:55:08] "GET / HTTP/1.1" 200 3230
[22/Aug/2016 16:55:08] "GET /static/css/font-awesome.min.css HTTP/1.1" 404 1689
[22/Aug/2016 16:55:45] "GET /r/1/ HTTP/1.1" 200 3805
[22/Aug/2016 16:55:45] "GET /static/css/font-awesome.min.css HTTP/1.1" 404 1689
[22/Aug/2016 16:55:47] "GET /tienda/ HTTP/1.1" 200 2486
[22/Aug/2016 16:55:47] "GET /static/css/font-awesome.min.css HTTP/1.1" 404 1689
[22/Aug/2016 16:55:48] "GET /tienda/c/2/ HTTP/1.1" 302 0
[22/Aug/2016 16:55:48] "GET /p/1/ HTTP/1.1" 200 1828
[22/Aug/2016 16:55:48] "GET /static/css/font-awesome.min.css HTTP/1.1" 404 1689
[22/Aug/2016 16:55:50] "GET / HTTP/1.1" 200 3230
[22/Aug/2016 16:55:50] "GET /static/css/font-awesome.min.css HTTP/1.1" 404 1689
[22/Aug/2016 16:55:51] "GET /r/1/ HTTP/1.1" 200 3805
[22/Aug/2016 16:55:51] "GET /static/css/font-awesome.min.css HTTP/1.1" 404 1689
[22/Aug/2016 16:55:53] "POST /r/1/ HTTP/1.1" 302 0
[22/Aug/2016 16:55:53] "GET /r/1/ HTTP/1.1" 200 3907
[22/Aug/2016 16:55:53] "GET /static/css/font-awesome.min.css HTTP/1.1" 404 1689
[22/Aug/2016 16:55:56] "GET /p/1/ HTTP/1.1" 200 1978
[22/Aug/2016 16:55:56] "GET /static/css/font-awesome.min.css HTTP/1.1" 404 1689
[22/Aug/2016 16:55:57] "GET / HTTP/1.1" 200 3230
[22/Aug/2016 16:55:57] "GET /static/css/font-awesome.min.css HTTP/1.1" 404 1689
[22/Aug/2016 16:56:05] "GET /admin/main/compra/ HTTP/1.1" 200 4427
[22/Aug/2016 16:56:05] "GET /admin/jsi18n/ HTTP/1.1" 200 6696
[22/Aug/2016 16:56:07] "POST /admin/main/compra/ HTTP/1.1" 200 2503
[22/Aug/2016 16:56:08] "POST /admin/main/compra/ HTTP/1.1" 302 0
[22/Aug/2016 16:56:08] "GET /admin/main/compra/ HTTP/1.1" 200 3344
[22/Aug/2016 16:56:08] "GET /admin/jsi18n/ HTTP/1.1" 200 6696
[22/Aug/2016 16:56:27] "GET / HTTP/1.1" 200 2955
[22/Aug/2016 16:56:27] "GET /static/css/font-awesome.min.css HTTP/1.1" 404 1689
[22/Aug/2016 16:56:27] "GET /static/css/bootstrap-theme.css HTTP/1.1" 200 26132
[22/Aug/2016 16:56:27] "GET /static/js/bootstrap.min.js HTTP/1.1" 200 37045
[22/Aug/2016 16:56:27] "GET /static/js/jquery.min.js HTTP/1.1" 200 97403
[22/Aug/2016 16:56:27] "GET /static/css/bootstrap.css HTTP/1.1" 200 146010
Not Found: /favicon.ico
[22/Aug/2016 16:56:28] "GET /favicon.ico HTTP/1.1" 404 3774
Internal Server Error: /r/1/
Traceback (most recent call last):
  File "/home/chk-server/.local/lib/python3.5/site-packages/django/core/handlers/base.py", line 149, in get_response
    response = self.process_exception_by_middleware(e, request)
  File "/home/chk-server/.local/lib/python3.5/site-packages/django/core/handlers/base.py", line 147, in get_response
    response = wrapped_callback(request, *callback_args, **callback_kwargs)
  File "/home/chk-server/Dropbox/dev/esc-go/escuela/main/views.py", line 62, in reto_detail
    'form_apuesta': form_apuesta,
UnboundLocalError: local variable 'form_apuesta' referenced before assignment
[22/Aug/2016 16:56:38] "GET /r/1/ HTTP/1.1" 500 63249
[22/Aug/2016 16:56:46] "GET /r/1/ HTTP/1.1" 200 3908
[22/Aug/2016 16:56:46] "GET /static/css/font-awesome.min.css HTTP/1.1" 404 1689
[22/Aug/2016 16:56:47] "GET / HTTP/1.1" 200 3230
[22/Aug/2016 16:56:47] "GET /static/css/font-awesome.min.css HTTP/1.1" 404 1689
[22/Aug/2016 16:56:49] "GET /tienda/ HTTP/1.1" 200 2504
[22/Aug/2016 16:56:49] "GET /static/css/font-awesome.min.css HTTP/1.1" 404 1689
[22/Aug/2016 16:56:50] "GET /login/ HTTP/1.1" 200 1800
[22/Aug/2016 16:56:50] "GET /static/css/font-awesome.min.css HTTP/1.1" 404 1689
[22/Aug/2016 16:56:51] "GET /logout/ HTTP/1.1" 302 0
[22/Aug/2016 16:56:51] "GET / HTTP/1.1" 200 2955
[22/Aug/2016 16:56:51] "GET /static/css/font-awesome.min.css HTTP/1.1" 404 1689
[22/Aug/2016 16:56:51] "GET /login/ HTTP/1.1" 200 1800
[22/Aug/2016 16:56:52] "GET /static/css/font-awesome.min.css HTTP/1.1" 404 1689
[22/Aug/2016 16:56:52] "GET / HTTP/1.1" 200 2955
[22/Aug/2016 16:56:52] "GET /static/css/bootstrap-theme.css HTTP/1.1" 200 26132
[22/Aug/2016 16:56:52] "GET /static/css/font-awesome.min.css HTTP/1.1" 404 1689
[22/Aug/2016 16:56:52] "GET /static/js/bootstrap.min.js HTTP/1.1" 200 37045
[22/Aug/2016 16:56:52] "GET /static/js/jquery.min.js HTTP/1.1" 200 97403
[22/Aug/2016 16:56:52] "GET /static/css/bootstrap.css HTTP/1.1" 200 146010
[22/Aug/2016 16:56:56] "GET /login/ HTTP/1.1" 200 1800
[22/Aug/2016 16:56:56] "GET /static/css/font-awesome.min.css HTTP/1.1" 404 1689
[22/Aug/2016 16:57:03] "POST /login/ HTTP/1.1" 302 0
[22/Aug/2016 16:57:03] "GET / HTTP/1.1" 200 3231
[22/Aug/2016 16:57:03] "POST /login/ HTTP/1.1" 302 0
[22/Aug/2016 16:57:03] "GET /static/css/font-awesome.min.css HTTP/1.1" 404 1689
[22/Aug/2016 16:57:03] "GET / HTTP/1.1" 200 3230
[22/Aug/2016 16:57:03] "GET /static/css/font-awesome.min.css HTTP/1.1" 404 1689
[22/Aug/2016 16:57:03] "POST /login/ HTTP/1.1" 302 0
[22/Aug/2016 16:57:04] "GET / HTTP/1.1" 200 3233
[22/Aug/2016 16:57:04] "GET /static/css/font-awesome.min.css HTTP/1.1" 404 1689
[22/Aug/2016 16:57:09] "GET /tienda/ HTTP/1.1" 200 2504
[22/Aug/2016 16:57:09] "GET /static/css/font-awesome.min.css HTTP/1.1" 404 1689
[22/Aug/2016 16:57:09] "GET /tienda/ HTTP/1.1" 200 2487
[22/Aug/2016 16:57:09] "GET /static/css/font-awesome.min.css HTTP/1.1" 404 1689
[22/Aug/2016 16:57:11] "GET /tienda/ HTTP/1.1" 200 2489
[22/Aug/2016 16:57:11] "GET /static/css/font-awesome.min.css HTTP/1.1" 404 1689
[22/Aug/2016 16:57:12] "GET /tienda/c/3/ HTTP/1.1" 302 0
[22/Aug/2016 16:57:12] "GET /p/1/ HTTP/1.1" 200 1979
[22/Aug/2016 16:57:12] "GET /static/css/font-awesome.min.css HTTP/1.1" 404 1689
[22/Aug/2016 16:57:12] "GET /tienda/c/4/ HTTP/1.1" 302 0
[22/Aug/2016 16:57:12] "GET /p/2/ HTTP/1.1" 200 1829
[22/Aug/2016 16:57:12] "GET /static/css/font-awesome.min.css HTTP/1.1" 404 1689
[22/Aug/2016 16:57:14] "GET / HTTP/1.1" 200 3230
[22/Aug/2016 16:57:14] "GET /static/css/font-awesome.min.css HTTP/1.1" 404 1689
[22/Aug/2016 16:57:16] "GET / HTTP/1.1" 200 3231
[22/Aug/2016 16:57:16] "GET /static/css/font-awesome.min.css HTTP/1.1" 404 1689
[22/Aug/2016 16:57:21] "GET /tienda/c/2/ HTTP/1.1" 302 0
[22/Aug/2016 16:57:21] "GET /p/4/ HTTP/1.1" 200 1831
[22/Aug/2016 16:57:21] "GET /static/css/font-awesome.min.css HTTP/1.1" 404 1689
[22/Aug/2016 16:57:23] "GET /e/4/ HTTP/1.1" 200 1753
[22/Aug/2016 16:57:24] "GET /static/css/font-awesome.min.css HTTP/1.1" 404 1689
[22/Aug/2016 16:57:26] "GET /r/1/ HTTP/1.1" 200 3909
[22/Aug/2016 16:57:26] "GET /static/css/font-awesome.min.css HTTP/1.1" 404 1689
[22/Aug/2016 16:57:27] "GET /r/1/ HTTP/1.1" 200 3908
[22/Aug/2016 16:57:27] "GET /static/css/font-awesome.min.css HTTP/1.1" 404 1689
[22/Aug/2016 16:57:36] "GET / HTTP/1.1" 200 3233
[22/Aug/2016 16:57:36] "GET /static/css/font-awesome.min.css HTTP/1.1" 404 1689
[22/Aug/2016 16:57:49] "GET /admin/main/ HTTP/1.1" 200 5440
[22/Aug/2016 16:57:50] "GET /admin/main/apuesta/ HTTP/1.1" 200 4489
[22/Aug/2016 16:57:50] "GET /admin/jsi18n/ HTTP/1.1" 200 6696
[22/Aug/2016 16:57:51] "GET /e/2/ HTTP/1.1" 200 1763
[22/Aug/2016 16:57:51] "GET /static/css/font-awesome.min.css HTTP/1.1" 404 1689
[22/Aug/2016 16:57:53] "POST /admin/main/apuesta/ HTTP/1.1" 200 2562
[22/Aug/2016 16:57:53] "POST /r/1/ HTTP/1.1" 302 0
[22/Aug/2016 16:57:53] "GET /r/1/ HTTP/1.1" 200 4011
[22/Aug/2016 16:57:53] "GET /static/css/font-awesome.min.css HTTP/1.1" 404 1689
[22/Aug/2016 16:57:54] "POST /admin/main/apuesta/ HTTP/1.1" 302 0
[22/Aug/2016 16:57:54] "GET /admin/main/apuesta/ HTTP/1.1" 200 4624
[22/Aug/2016 16:57:54] "GET /admin/jsi18n/ HTTP/1.1" 200 6696
[22/Aug/2016 16:57:55] "GET /tienda/ HTTP/1.1" 200 2505
[22/Aug/2016 16:57:55] "GET /static/css/font-awesome.min.css HTTP/1.1" 404 1689
[22/Aug/2016 16:57:56] "GET /tienda/c/4/ HTTP/1.1" 302 0
[22/Aug/2016 16:57:56] "GET /p/2/ HTTP/1.1" 200 1983
[22/Aug/2016 16:57:57] "GET /static/css/font-awesome.min.css HTTP/1.1" 404 1689
[22/Aug/2016 16:58:00] "GET / HTTP/1.1" 200 3231
[22/Aug/2016 16:58:00] "GET /static/css/font-awesome.min.css HTTP/1.1" 404 1689
[22/Aug/2016 16:58:00] "GET / HTTP/1.1" 200 3230
[22/Aug/2016 16:58:00] "GET /static/css/font-awesome.min.css HTTP/1.1" 404 1689
[22/Aug/2016 16:58:01] "GET /r/1/ HTTP/1.1" 200 3910
[22/Aug/2016 16:58:01] "GET /static/css/font-awesome.min.css HTTP/1.1" 404 1689
[22/Aug/2016 16:58:02] "GET /r/1/ HTTP/1.1" 200 3909
[22/Aug/2016 16:58:02] "GET /static/css/font-awesome.min.css HTTP/1.1" 404 1689
[22/Aug/2016 16:58:06] "GET /r/1/ HTTP/1.1" 200 3908
[22/Aug/2016 16:58:06] "GET /static/css/font-awesome.min.css HTTP/1.1" 404 1689
[22/Aug/2016 16:58:09] "POST /r/1/ HTTP/1.1" 302 0
[22/Aug/2016 16:58:09] "GET /r/1/ HTTP/1.1" 200 4011
[22/Aug/2016 16:58:09] "GET /static/css/font-awesome.min.css HTTP/1.1" 404 1689
[22/Aug/2016 16:58:11] "GET /tienda/ HTTP/1.1" 200 2505
[22/Aug/2016 16:58:11] "GET /static/css/font-awesome.min.css HTTP/1.1" 404 1689
[22/Aug/2016 16:58:13] "GET /tienda/c/4/ HTTP/1.1" 302 0
[22/Aug/2016 16:58:13] "GET /p/2/ HTTP/1.1" 200 2137
[22/Aug/2016 16:58:13] "GET /static/css/font-awesome.min.css HTTP/1.1" 404 1689
[22/Aug/2016 16:58:18] "GET /tienda/ HTTP/1.1" 200 2505
[22/Aug/2016 16:58:18] "GET /static/css/font-awesome.min.css HTTP/1.1" 404 1689
[22/Aug/2016 16:58:21] "GET /tienda/c/4/ HTTP/1.1" 302 0
[22/Aug/2016 16:58:21] "GET /p/2/ HTTP/1.1" 200 2137
[22/Aug/2016 16:58:21] "GET /static/css/font-awesome.min.css HTTP/1.1" 404 1689
[22/Aug/2016 16:58:23] "GET /tienda/ HTTP/1.1" 200 2505
[22/Aug/2016 16:58:23] "GET /static/css/font-awesome.min.css HTTP/1.1" 404 1689
[22/Aug/2016 16:58:23] "POST /r/1/ HTTP/1.1" 302 0
[22/Aug/2016 16:58:24] "GET /r/1/ HTTP/1.1" 200 4116
[22/Aug/2016 16:58:24] "GET /static/css/font-awesome.min.css HTTP/1.1" 404 1689
[22/Aug/2016 16:58:24] "GET /tienda/c/4/ HTTP/1.1" 302 0
[22/Aug/2016 16:58:24] "GET /p/2/ HTTP/1.1" 200 2138
[22/Aug/2016 16:58:24] "GET /static/css/font-awesome.min.css HTTP/1.1" 404 1689
[22/Aug/2016 16:58:25] "GET / HTTP/1.1" 200 3231
[22/Aug/2016 16:58:25] "GET /static/css/font-awesome.min.css HTTP/1.1" 404 1689
[22/Aug/2016 16:58:27] "GET /r/1/ HTTP/1.1" 200 4118
[22/Aug/2016 16:58:27] "GET /static/css/font-awesome.min.css HTTP/1.1" 404 1689
[22/Aug/2016 16:58:31] "POST /r/1/ HTTP/1.1" 302 0
[22/Aug/2016 16:58:31] "GET /r/1/ HTTP/1.1" 200 4218
[22/Aug/2016 16:58:31] "GET /static/css/font-awesome.min.css HTTP/1.1" 404 1689
[22/Aug/2016 16:58:33] "POST /r/1/ HTTP/1.1" 302 0
[22/Aug/2016 16:58:33] "GET /r/1/ HTTP/1.1" 200 4323
[22/Aug/2016 16:58:33] "GET /static/css/font-awesome.min.css HTTP/1.1" 404 1689
[22/Aug/2016 16:58:35] "POST /r/1/ HTTP/1.1" 302 0
[22/Aug/2016 16:58:35] "GET /r/1/ HTTP/1.1" 200 4424
[22/Aug/2016 16:58:35] "GET /static/css/font-awesome.min.css HTTP/1.1" 404 1689
[22/Aug/2016 16:58:35] "POST /r/1/ HTTP/1.1" 302 0
[22/Aug/2016 16:58:36] "GET /r/1/ HTTP/1.1" 200 4524
[22/Aug/2016 16:58:36] "GET /static/css/font-awesome.min.css HTTP/1.1" 404 1689
[22/Aug/2016 16:58:42] "POST /r/1/ HTTP/1.1" 302 0
[22/Aug/2016 16:58:42] "GET /r/1/ HTTP/1.1" 200 4631
[22/Aug/2016 16:58:42] "GET /static/css/font-awesome.min.css HTTP/1.1" 404 1689
[22/Aug/2016 16:58:42] "POST /r/1/ HTTP/1.1" 302 0
[22/Aug/2016 16:58:43] "GET /r/1/ HTTP/1.1" 200 4733
[22/Aug/2016 16:58:43] "GET /static/css/font-awesome.min.css HTTP/1.1" 404 1689
[22/Aug/2016 16:58:48] "POST /r/1/ HTTP/1.1" 302 0
[22/Aug/2016 16:58:48] "GET /r/1/ HTTP/1.1" 200 4837
[22/Aug/2016 16:58:48] "GET /static/css/font-awesome.min.css HTTP/1.1" 404 1689
[22/Aug/2016 16:58:53] "POST /r/1/ HTTP/1.1" 302 0
[22/Aug/2016 16:58:53] "GET /r/1/ HTTP/1.1" 200 4943
[22/Aug/2016 16:58:54] "GET /static/css/font-awesome.min.css HTTP/1.1" 404 1689
[22/Aug/2016 16:59:02] "POST /r/1/ HTTP/1.1" 302 0
[22/Aug/2016 16:59:02] "GET /r/1/ HTTP/1.1" 200 5048
[22/Aug/2016 16:59:02] "GET /static/css/font-awesome.min.css HTTP/1.1" 404 1689
[22/Aug/2016 16:59:06] "POST /r/1/ HTTP/1.1" 302 0
[22/Aug/2016 16:59:06] "GET /r/1/ HTTP/1.1" 200 5149
[22/Aug/2016 16:59:06] "GET /static/css/font-awesome.min.css HTTP/1.1" 404 1689
[22/Aug/2016 16:59:09] "POST /r/1/ HTTP/1.1" 302 0
[22/Aug/2016 16:59:09] "GET /r/1/ HTTP/1.1" 200 5254
[22/Aug/2016 16:59:09] "GET /static/css/font-awesome.min.css HTTP/1.1" 404 1689
[22/Aug/2016 16:59:15] "GET /p/2/ HTTP/1.1" 200 3205
[22/Aug/2016 16:59:15] "GET /static/css/font-awesome.min.css HTTP/1.1" 404 1689
[22/Aug/2016 16:59:17] "GET / HTTP/1.1" 200 3231
[22/Aug/2016 16:59:17] "GET / HTTP/1.1" 200 3231
[22/Aug/2016 16:59:18] "GET /static/css/font-awesome.min.css HTTP/1.1" 404 1689
[22/Aug/2016 16:59:19] "GET /r/1/ HTTP/1.1" 200 5254
[22/Aug/2016 16:59:20] "GET /static/css/font-awesome.min.css HTTP/1.1" 404 1689
[22/Aug/2016 16:59:31] "GET /r/1/ HTTP/1.1" 200 5252
[22/Aug/2016 16:59:31] "GET /static/css/bootstrap-theme.css HTTP/1.1" 304 0
[22/Aug/2016 16:59:31] "GET /static/css/bootstrap.css HTTP/1.1" 304 0
[22/Aug/2016 16:59:31] "GET /static/css/font-awesome.min.css HTTP/1.1" 404 1689
[22/Aug/2016 16:59:31] "GET /static/js/jquery.min.js HTTP/1.1" 304 0
[22/Aug/2016 16:59:31] "GET /static/js/bootstrap.min.js HTTP/1.1" 304 0
[22/Aug/2016 16:59:33] "GET /r/1/ HTTP/1.1" 200 5252
[22/Aug/2016 16:59:33] "GET /static/css/font-awesome.min.css HTTP/1.1" 404 1689
[22/Aug/2016 16:59:51] "GET /p/2/ HTTP/1.1" 200 3205
[22/Aug/2016 16:59:52] "GET /static/css/font-awesome.min.css HTTP/1.1" 404 1689
[22/Aug/2016 16:59:55] "GET / HTTP/1.1" 200 3231
[22/Aug/2016 16:59:55] "GET /static/css/font-awesome.min.css HTTP/1.1" 404 1689
[22/Aug/2016 16:59:57] "GET /tienda/ HTTP/1.1" 200 2505
[22/Aug/2016 16:59:57] "GET /static/css/font-awesome.min.css HTTP/1.1" 404 1689
[22/Aug/2016 17:00:08] "GET /admin/main/reto/ HTTP/1.1" 200 7044
[22/Aug/2016 17:00:08] "GET /static/admin/css/changelists.css HTTP/1.1" 304 0
[22/Aug/2016 17:00:08] "GET /static/admin/js/jquery.init.js HTTP/1.1" 304 0
[22/Aug/2016 17:00:08] "GET /static/admin/js/vendor/jquery/jquery.js HTTP/1.1" 304 0
[22/Aug/2016 17:00:08] "GET /static/admin/css/base.css HTTP/1.1" 304 0
[22/Aug/2016 17:00:08] "GET /static/admin/js/core.js HTTP/1.1" 304 0
[22/Aug/2016 17:00:08] "GET /static/admin/js/admin/RelatedObjectLookups.js HTTP/1.1" 304 0
[22/Aug/2016 17:00:08] "GET /static/admin/js/actions.js HTTP/1.1" 304 0
[22/Aug/2016 17:00:08] "GET /static/admin/js/urlify.js HTTP/1.1" 304 0
[22/Aug/2016 17:00:08] "GET /static/admin/js/prepopulate.js HTTP/1.1" 304 0
[22/Aug/2016 17:00:08] "GET /admin/jsi18n/ HTTP/1.1" 200 6696
[22/Aug/2016 17:00:08] "GET /static/admin/css/fonts.css HTTP/1.1" 304 0
[22/Aug/2016 17:00:08] "GET /static/admin/js/vendor/xregexp/xregexp.min.js HTTP/1.1" 304 0
[22/Aug/2016 17:00:08] "GET /static/admin/fonts/Roboto-Light-webfont.woff HTTP/1.1" 304 0
[22/Aug/2016 17:00:08] "GET /static/admin/fonts/Roboto-Bold-webfont.woff HTTP/1.1" 304 0
[22/Aug/2016 17:00:08] "GET /static/admin/img/tooltag-add.svg HTTP/1.1" 304 0
[22/Aug/2016 17:00:08] "GET /static/admin/fonts/Roboto-Regular-webfont.woff HTTP/1.1" 304 0
[22/Aug/2016 17:00:09] "GET / HTTP/1.1" 200 3299
[22/Aug/2016 17:00:09] "GET /static/css/font-awesome.min.css HTTP/1.1" 404 1689
[22/Aug/2016 17:00:12] "GET / HTTP/1.1" 200 3298
[22/Aug/2016 17:00:12] "GET /static/css/font-awesome.min.css HTTP/1.1" 404 1689
[22/Aug/2016 17:00:14] "GET /p/2/ HTTP/1.1" 200 3205
[22/Aug/2016 17:00:14] "GET /static/css/font-awesome.min.css HTTP/1.1" 404 1689
[22/Aug/2016 17:00:16] "GET / HTTP/1.1" 200 3301
[22/Aug/2016 17:00:16] "GET /static/css/font-awesome.min.css HTTP/1.1" 404 1689
[22/Aug/2016 17:00:23] "GET /r/1/ HTTP/1.1" 200 5262
[22/Aug/2016 17:00:23] "GET /static/css/font-awesome.min.css HTTP/1.1" 404 1689
[22/Aug/2016 17:00:24] "GET / HTTP/1.1" 200 3299
[22/Aug/2016 17:00:25] "GET /static/css/font-awesome.min.css HTTP/1.1" 404 1689
[22/Aug/2016 17:00:25] "GET /r/1/ HTTP/1.1" 200 5265
[22/Aug/2016 17:00:25] "GET /static/css/font-awesome.min.css HTTP/1.1" 404 1689
[22/Aug/2016 17:00:28] "GET /e/4/ HTTP/1.1" 200 1753
[22/Aug/2016 17:00:28] "GET /static/css/font-awesome.min.css HTTP/1.1" 404 1689
[22/Aug/2016 17:00:36] "GET /r/1/ HTTP/1.1" 200 5264
[22/Aug/2016 17:00:37] "GET /static/css/font-awesome.min.css HTTP/1.1" 404 1689
[22/Aug/2016 17:01:03] "GET /tienda/ HTTP/1.1" 200 2489
[22/Aug/2016 17:01:03] "GET /static/css/font-awesome.min.css HTTP/1.1" 404 1689
[22/Aug/2016 17:01:06] "GET /p/2/ HTTP/1.1" 200 3205
[22/Aug/2016 17:01:06] "GET /static/css/font-awesome.min.css HTTP/1.1" 404 1689
[22/Aug/2016 17:01:10] "GET / HTTP/1.1" 200 3298
[22/Aug/2016 17:01:10] "GET /static/css/font-awesome.min.css HTTP/1.1" 404 1689
[22/Aug/2016 17:01:28] "GET /admin/main/apuesta/ HTTP/1.1" 200 8275
[22/Aug/2016 17:01:28] "GET /static/admin/css/changelists.css HTTP/1.1" 304 0
[22/Aug/2016 17:01:28] "GET /static/admin/css/base.css HTTP/1.1" 304 0
[22/Aug/2016 17:01:28] "GET /static/admin/js/jquery.init.js HTTP/1.1" 304 0
[22/Aug/2016 17:01:28] "GET /static/admin/js/core.js HTTP/1.1" 304 0
[22/Aug/2016 17:01:28] "GET /static/admin/js/vendor/jquery/jquery.js HTTP/1.1" 304 0
[22/Aug/2016 17:01:28] "GET /static/admin/js/admin/RelatedObjectLookups.js HTTP/1.1" 304 0
[22/Aug/2016 17:01:28] "GET /static/admin/css/fonts.css HTTP/1.1" 304 0
[22/Aug/2016 17:01:28] "GET /static/admin/js/actions.js HTTP/1.1" 304 0
[22/Aug/2016 17:01:28] "GET /static/admin/js/prepopulate.js HTTP/1.1" 304 0
[22/Aug/2016 17:01:28] "GET /admin/jsi18n/ HTTP/1.1" 200 6696
[22/Aug/2016 17:01:28] "GET /static/admin/js/urlify.js HTTP/1.1" 304 0
[22/Aug/2016 17:01:28] "GET /static/admin/js/vendor/xregexp/xregexp.min.js HTTP/1.1" 304 0
[22/Aug/2016 17:01:28] "GET /static/admin/fonts/Roboto-Bold-webfont.woff HTTP/1.1" 304 0
[22/Aug/2016 17:01:28] "GET /static/admin/fonts/Roboto-Regular-webfont.woff HTTP/1.1" 304 0
[22/Aug/2016 17:01:28] "GET /static/admin/fonts/Roboto-Light-webfont.woff HTTP/1.1" 304 0
[22/Aug/2016 17:01:28] "GET /static/admin/img/tooltag-add.svg HTTP/1.1" 304 0
[22/Aug/2016 17:01:40] "GET /r/2/ HTTP/1.1" 200 3801
[22/Aug/2016 17:01:40] "GET /static/css/font-awesome.min.css HTTP/1.1" 404 1689
[22/Aug/2016 17:01:44] "GET /tienda/ HTTP/1.1" 200 2486
[22/Aug/2016 17:01:44] "GET /static/css/font-awesome.min.css HTTP/1.1" 404 1689
[22/Aug/2016 17:01:45] "GET /tienda/c/3/ HTTP/1.1" 302 0
[22/Aug/2016 17:01:45] "GET /p/4/ HTTP/1.1" 200 2137
[22/Aug/2016 17:01:45] "GET /static/css/font-awesome.min.css HTTP/1.1" 404 1689
[22/Aug/2016 17:01:47] "GET /tienda/c/3/ HTTP/1.1" 302 0
[22/Aug/2016 17:01:47] "GET /p/1/ HTTP/1.1" 200 2281
[22/Aug/2016 17:01:47] "GET /static/css/font-awesome.min.css HTTP/1.1" 404 1689
[22/Aug/2016 17:01:51] "GET /tienda/ HTTP/1.1" 200 2505
[22/Aug/2016 17:01:52] "GET /static/css/font-awesome.min.css HTTP/1.1" 404 1689
[22/Aug/2016 17:01:55] "GET / HTTP/1.1" 200 3299
[22/Aug/2016 17:01:55] "GET /static/css/font-awesome.min.css HTTP/1.1" 404 1689
[22/Aug/2016 17:01:57] "GET /tienda/ HTTP/1.1" 200 2505
[22/Aug/2016 17:01:57] "GET /static/css/font-awesome.min.css HTTP/1.1" 404 1689
[22/Aug/2016 17:01:59] "GET / HTTP/1.1" 200 3298
[22/Aug/2016 17:01:59] "GET /static/css/font-awesome.min.css HTTP/1.1" 404 1689
[22/Aug/2016 17:02:08] "GET /tienda/ HTTP/1.1" 200 2504
[22/Aug/2016 17:02:08] "GET /static/css/font-awesome.min.css HTTP/1.1" 404 1689
[22/Aug/2016 17:02:09] "GET / HTTP/1.1" 200 3299
[22/Aug/2016 17:02:09] "GET /static/css/font-awesome.min.css HTTP/1.1" 404 1689
[22/Aug/2016 17:02:16] "GET / HTTP/1.1" 200 3298
[22/Aug/2016 17:02:16] "GET /static/css/font-awesome.min.css HTTP/1.1" 404 1689
[22/Aug/2016 17:02:18] "GET /r/2/ HTTP/1.1" 200 3803
[22/Aug/2016 17:02:18] "GET /static/css/font-awesome.min.css HTTP/1.1" 404 1689
[22/Aug/2016 17:02:25] "POST /r/2/ HTTP/1.1" 302 0
[22/Aug/2016 17:02:25] "GET /r/2/ HTTP/1.1" 200 3904
[22/Aug/2016 17:02:25] "GET /static/css/font-awesome.min.css HTTP/1.1" 404 1689
[22/Aug/2016 17:02:28] "GET /r/2/ HTTP/1.1" 200 3903
[22/Aug/2016 17:02:28] "GET /static/css/font-awesome.min.css HTTP/1.1" 404 1689
[22/Aug/2016 17:02:28] "POST /r/2/ HTTP/1.1" 302 0
[22/Aug/2016 17:02:28] "GET /r/2/ HTTP/1.1" 200 4006
[22/Aug/2016 17:02:28] "GET /static/css/font-awesome.min.css HTTP/1.1" 404 1689
[22/Aug/2016 17:02:30] "GET / HTTP/1.1" 200 3301
[22/Aug/2016 17:02:30] "GET /static/css/font-awesome.min.css HTTP/1.1" 404 1689
[22/Aug/2016 17:02:32] "POST /r/2/ HTTP/1.1" 302 0
[22/Aug/2016 17:02:32] "GET /r/2/ HTTP/1.1" 200 4109
[22/Aug/2016 17:02:32] "GET /static/css/font-awesome.min.css HTTP/1.1" 404 1689
[22/Aug/2016 17:02:33] "GET /r/2/ HTTP/1.1" 200 4111
[22/Aug/2016 17:02:33] "GET /static/css/font-awesome.min.css HTTP/1.1" 404 1689
[22/Aug/2016 17:02:35] "POST /r/2/ HTTP/1.1" 302 0
[22/Aug/2016 17:02:35] "GET /r/2/ HTTP/1.1" 200 4210
[22/Aug/2016 17:02:35] "GET /static/css/font-awesome.min.css HTTP/1.1" 404 1689
[22/Aug/2016 17:02:42] "POST /r/2/ HTTP/1.1" 302 0
[22/Aug/2016 17:02:42] "GET /r/2/ HTTP/1.1" 200 4314
[22/Aug/2016 17:02:42] "GET /static/css/font-awesome.min.css HTTP/1.1" 404 1689
[22/Aug/2016 17:02:46] "POST /r/2/ HTTP/1.1" 302 0
[22/Aug/2016 17:02:46] "GET /r/2/ HTTP/1.1" 200 4414
[22/Aug/2016 17:02:46] "GET /static/css/font-awesome.min.css HTTP/1.1" 404 1689
[22/Aug/2016 17:02:54] "POST /r/2/ HTTP/1.1" 302 0
[22/Aug/2016 17:02:55] "GET /r/2/ HTTP/1.1" 200 4520
[22/Aug/2016 17:02:55] "GET /static/css/font-awesome.min.css HTTP/1.1" 404 1689
[22/Aug/2016 17:02:57] "POST /r/2/ HTTP/1.1" 302 0
[22/Aug/2016 17:02:58] "GET /r/2/ HTTP/1.1" 200 4618
[22/Aug/2016 17:02:58] "GET /static/css/font-awesome.min.css HTTP/1.1" 404 1689
[22/Aug/2016 17:03:00] "POST /r/2/ HTTP/1.1" 302 0
[22/Aug/2016 17:03:00] "GET /r/2/ HTTP/1.1" 200 4725
[22/Aug/2016 17:03:00] "GET /static/css/font-awesome.min.css HTTP/1.1" 404 1689
[22/Aug/2016 17:03:08] "POST /r/2/ HTTP/1.1" 302 0
[22/Aug/2016 17:03:08] "GET /r/2/ HTTP/1.1" 200 4830
[22/Aug/2016 17:03:08] "GET /static/css/font-awesome.min.css HTTP/1.1" 404 1689
[22/Aug/2016 17:03:19] "GET /p/2/ HTTP/1.1" 200 3950
[22/Aug/2016 17:03:19] "GET /static/css/font-awesome.min.css HTTP/1.1" 404 1689
[22/Aug/2016 17:03:24] "GET / HTTP/1.1" 200 3299
[22/Aug/2016 17:03:25] "GET /static/css/font-awesome.min.css HTTP/1.1" 404 1689
[22/Aug/2016 17:03:25] "GET / HTTP/1.1" 200 3298
[22/Aug/2016 17:03:25] "GET /static/css/font-awesome.min.css HTTP/1.1" 404 1689
[22/Aug/2016 17:03:29] "POST /r/2/ HTTP/1.1" 302 0
[22/Aug/2016 17:03:30] "GET /r/2/ HTTP/1.1" 200 4932
[22/Aug/2016 17:03:30] "GET /static/css/font-awesome.min.css HTTP/1.1" 404 1689
[22/Aug/2016 17:03:34] "POST /r/2/ HTTP/1.1" 302 0
[22/Aug/2016 17:03:35] "GET /r/2/ HTTP/1.1" 200 5034
[22/Aug/2016 17:03:35] "GET /static/css/font-awesome.min.css HTTP/1.1" 404 1689
[22/Aug/2016 17:03:36] "GET / HTTP/1.1" 200 3298
[22/Aug/2016 17:03:36] "GET /static/css/font-awesome.min.css HTTP/1.1" 404 1689
[22/Aug/2016 17:03:39] "POST /r/2/ HTTP/1.1" 302 0
[22/Aug/2016 17:03:39] "GET /r/2/ HTTP/1.1" 200 5140
[22/Aug/2016 17:03:40] "GET /static/css/font-awesome.min.css HTTP/1.1" 404 1689
[22/Aug/2016 17:03:47] "POST /r/2/ HTTP/1.1" 302 0
[22/Aug/2016 17:03:47] "GET /r/2/ HTTP/1.1" 200 5243
[22/Aug/2016 17:03:47] "GET /static/css/font-awesome.min.css HTTP/1.1" 404 1689
[22/Aug/2016 17:03:53] "GET /p/1/ HTTP/1.1" 200 2577
[22/Aug/2016 17:03:53] "GET /static/css/font-awesome.min.css HTTP/1.1" 404 1689
[22/Aug/2016 17:03:57] "GET /p/4/ HTTP/1.1" 200 3179
[22/Aug/2016 17:03:57] "GET /static/css/font-awesome.min.css HTTP/1.1" 404 1689
[22/Aug/2016 17:03:57] "GET / HTTP/1.1" 200 3298
[22/Aug/2016 17:03:57] "GET /static/css/font-awesome.min.css HTTP/1.1" 404 1689
[22/Aug/2016 17:04:02] "GET / HTTP/1.1" 200 3365
[22/Aug/2016 17:04:02] "GET /static/css/font-awesome.min.css HTTP/1.1" 404 1689
[22/Aug/2016 17:04:04] "GET / HTTP/1.1" 200 3372
[22/Aug/2016 17:04:05] "GET /static/css/font-awesome.min.css HTTP/1.1" 404 1689
[22/Aug/2016 17:04:08] "GET / HTTP/1.1" 200 3375
[22/Aug/2016 17:04:08] "GET /static/css/font-awesome.min.css HTTP/1.1" 404 1689
[22/Aug/2016 17:04:12] "GET /p/2/ HTTP/1.1" 200 3952
[22/Aug/2016 17:04:12] "GET /static/css/font-awesome.min.css HTTP/1.1" 404 1689
[22/Aug/2016 17:04:20] "GET / HTTP/1.1" 200 3373
[22/Aug/2016 17:04:20] "GET /static/css/bootstrap.css HTTP/1.1" 304 0
[22/Aug/2016 17:04:20] "GET /static/css/bootstrap-theme.css HTTP/1.1" 304 0
[22/Aug/2016 17:04:20] "GET /static/css/font-awesome.min.css HTTP/1.1" 404 1689
[22/Aug/2016 17:04:20] "GET /static/js/jquery.min.js HTTP/1.1" 304 0
[22/Aug/2016 17:04:20] "GET /static/js/bootstrap.min.js HTTP/1.1" 304 0
[22/Aug/2016 17:04:21] "GET /r/3/ HTTP/1.1" 200 3815
[22/Aug/2016 17:04:21] "GET /static/css/font-awesome.min.css HTTP/1.1" 404 1689
[22/Aug/2016 17:04:22] "GET /tienda/ HTTP/1.1" 200 2489
[22/Aug/2016 17:04:22] "GET /static/css/font-awesome.min.css HTTP/1.1" 404 1689
[22/Aug/2016 17:04:24] "GET /tienda/c/3/ HTTP/1.1" 302 0
[22/Aug/2016 17:04:24] "GET /p/4/ HTTP/1.1" 200 3180
[22/Aug/2016 17:04:24] "GET /static/css/font-awesome.min.css HTTP/1.1" 404 1689
[22/Aug/2016 17:04:26] "GET / HTTP/1.1" 200 3372
[22/Aug/2016 17:04:26] "GET /static/css/font-awesome.min.css HTTP/1.1" 404 1689
[22/Aug/2016 17:04:32] "GET /r/2/ HTTP/1.1" 200 5253
[22/Aug/2016 17:04:32] "GET /static/css/font-awesome.min.css HTTP/1.1" 404 1689
[22/Aug/2016 17:04:33] "GET /r/2/ HTTP/1.1" 200 5251
[22/Aug/2016 17:04:33] "GET /static/css/font-awesome.min.css HTTP/1.1" 404 1689
[22/Aug/2016 17:04:38] "GET /p/1/ HTTP/1.1" 200 2577
[22/Aug/2016 17:04:38] "GET /static/css/font-awesome.min.css HTTP/1.1" 404 1689
[22/Aug/2016 17:04:44] "GET /p/1/ HTTP/1.1" 200 2577
[22/Aug/2016 17:04:44] "GET /static/css/font-awesome.min.css HTTP/1.1" 404 1689
[22/Aug/2016 17:04:48] "GET /tienda/ HTTP/1.1" 200 2505
[22/Aug/2016 17:04:49] "GET /static/css/font-awesome.min.css HTTP/1.1" 404 1689
[22/Aug/2016 17:04:50] "GET /p/2/ HTTP/1.1" 200 3950
[22/Aug/2016 17:04:50] "GET /static/css/font-awesome.min.css HTTP/1.1" 404 1689
[22/Aug/2016 17:04:52] "GET / HTTP/1.1" 200 3375
[22/Aug/2016 17:04:52] "GET /static/css/font-awesome.min.css HTTP/1.1" 404 1689
[22/Aug/2016 17:04:54] "GET /r/3/ HTTP/1.1" 200 3819
[22/Aug/2016 17:04:54] "GET /static/css/font-awesome.min.css HTTP/1.1" 404 1689
[22/Aug/2016 17:05:02] "GET / HTTP/1.1" 200 3372
[22/Aug/2016 17:05:02] "GET /static/css/font-awesome.min.css HTTP/1.1" 404 1689
[22/Aug/2016 17:05:03] "POST /r/3/ HTTP/1.1" 302 0
[22/Aug/2016 17:05:03] "GET /r/3/ HTTP/1.1" 200 3924
[22/Aug/2016 17:05:03] "GET /tienda/ HTTP/1.1" 200 2486
[22/Aug/2016 17:05:03] "GET /static/css/font-awesome.min.css HTTP/1.1" 404 1689
[22/Aug/2016 17:05:03] "GET /static/css/font-awesome.min.css HTTP/1.1" 404 1689
[22/Aug/2016 17:05:06] "GET /tienda/c/3/ HTTP/1.1" 302 0
[22/Aug/2016 17:05:06] "GET /p/1/ HTTP/1.1" 200 2578
[22/Aug/2016 17:05:06] "GET /static/css/font-awesome.min.css HTTP/1.1" 404 1689
[22/Aug/2016 17:05:10] "GET / HTTP/1.1" 200 3372
[22/Aug/2016 17:05:10] "GET /static/css/font-awesome.min.css HTTP/1.1" 404 1689
[22/Aug/2016 17:05:10] "POST /r/3/ HTTP/1.1" 302 0
[22/Aug/2016 17:05:11] "GET /r/3/ HTTP/1.1" 200 4025
[22/Aug/2016 17:05:11] "GET /static/css/font-awesome.min.css HTTP/1.1" 404 1689
[22/Aug/2016 17:05:11] "GET /r/3/ HTTP/1.1" 200 4023
[22/Aug/2016 17:05:11] "GET /static/css/font-awesome.min.css HTTP/1.1" 404 1689
[22/Aug/2016 17:05:14] "POST /r/3/ HTTP/1.1" 302 0
[22/Aug/2016 17:05:14] "GET /r/3/ HTTP/1.1" 200 4128
[22/Aug/2016 17:05:14] "GET /static/css/font-awesome.min.css HTTP/1.1" 404 1689
[22/Aug/2016 17:05:18] "POST /r/3/ HTTP/1.1" 302 0
[22/Aug/2016 17:05:18] "GET /r/3/ HTTP/1.1" 200 4232
[22/Aug/2016 17:05:18] "GET /static/css/font-awesome.min.css HTTP/1.1" 404 1689
[22/Aug/2016 17:05:21] "POST /r/3/ HTTP/1.1" 302 0
[22/Aug/2016 17:05:21] "GET /r/3/ HTTP/1.1" 200 4334
[22/Aug/2016 17:05:21] "GET /static/css/font-awesome.min.css HTTP/1.1" 404 1689
[22/Aug/2016 17:05:22] "POST /r/3/ HTTP/1.1" 302 0
[22/Aug/2016 17:05:23] "GET /r/3/ HTTP/1.1" 200 4436
[22/Aug/2016 17:05:23] "GET /static/css/font-awesome.min.css HTTP/1.1" 404 1689
[22/Aug/2016 17:05:25] "POST /r/3/ HTTP/1.1" 302 0
[22/Aug/2016 17:05:25] "GET /r/3/ HTTP/1.1" 200 4544
[22/Aug/2016 17:05:25] "GET /static/css/font-awesome.min.css HTTP/1.1" 404 1689
[22/Aug/2016 17:05:26] "POST /r/3/ HTTP/1.1" 302 0
[22/Aug/2016 17:05:26] "GET /r/3/ HTTP/1.1" 200 4646
[22/Aug/2016 17:05:27] "GET /static/css/font-awesome.min.css HTTP/1.1" 404 1689
[22/Aug/2016 17:05:30] "POST /r/3/ HTTP/1.1" 302 0
[22/Aug/2016 17:05:30] "GET /r/3/ HTTP/1.1" 200 4754
[22/Aug/2016 17:05:30] "GET /static/css/font-awesome.min.css HTTP/1.1" 404 1689
[22/Aug/2016 17:05:32] "POST /r/3/ HTTP/1.1" 302 0
[22/Aug/2016 17:05:33] "GET /r/3/ HTTP/1.1" 200 4854
[22/Aug/2016 17:05:33] "GET /static/css/font-awesome.min.css HTTP/1.1" 404 1689
[22/Aug/2016 17:05:36] "POST /r/3/ HTTP/1.1" 302 0
[22/Aug/2016 17:05:36] "GET /r/3/ HTTP/1.1" 200 4956
[22/Aug/2016 17:05:36] "GET /static/css/font-awesome.min.css HTTP/1.1" 404 1689
[22/Aug/2016 17:05:38] "GET /p/4/ HTTP/1.1" 200 4293
[22/Aug/2016 17:05:38] "GET /static/css/font-awesome.min.css HTTP/1.1" 404 1689
[22/Aug/2016 17:05:41] "GET / HTTP/1.1" 200 3375
[22/Aug/2016 17:05:41] "GET /static/css/font-awesome.min.css HTTP/1.1" 404 1689
[22/Aug/2016 17:05:45] "GET / HTTP/1.1" 200 3373
[22/Aug/2016 17:05:45] "GET /static/css/font-awesome.min.css HTTP/1.1" 404 1689
[22/Aug/2016 17:05:47] "GET / HTTP/1.1" 200 3372
[22/Aug/2016 17:05:47] "GET /static/css/font-awesome.min.css HTTP/1.1" 404 1689
[22/Aug/2016 17:05:49] "GET /r/3/ HTTP/1.1" 200 4958
[22/Aug/2016 17:05:50] "GET /static/css/font-awesome.min.css HTTP/1.1" 404 1689
[22/Aug/2016 17:05:59] "POST /r/3/ HTTP/1.1" 302 0
[22/Aug/2016 17:05:59] "GET /r/3/ HTTP/1.1" 200 5059
[22/Aug/2016 17:05:59] "GET /static/css/font-awesome.min.css HTTP/1.1" 404 1689
[22/Aug/2016 17:06:02] "POST /r/3/ HTTP/1.1" 302 0
[22/Aug/2016 17:06:02] "GET /r/3/ HTTP/1.1" 200 5160
[22/Aug/2016 17:06:02] "GET /static/css/font-awesome.min.css HTTP/1.1" 404 1689
[22/Aug/2016 17:06:07] "POST /r/3/ HTTP/1.1" 302 0
[22/Aug/2016 17:06:07] "GET /r/3/ HTTP/1.1" 200 5263
[22/Aug/2016 17:06:07] "GET /static/css/font-awesome.min.css HTTP/1.1" 404 1689
[22/Aug/2016 17:06:11] "POST /r/3/ HTTP/1.1" 302 0
[22/Aug/2016 17:06:11] "GET /r/3/ HTTP/1.1" 200 5364
[22/Aug/2016 17:06:11] "GET /static/css/font-awesome.min.css HTTP/1.1" 404 1689
[22/Aug/2016 17:06:16] "POST /r/3/ HTTP/1.1" 302 0
[22/Aug/2016 17:06:17] "GET /r/3/ HTTP/1.1" 200 5469
[22/Aug/2016 17:06:17] "GET /static/css/font-awesome.min.css HTTP/1.1" 404 1689
[22/Aug/2016 17:06:19] "GET / HTTP/1.1" 200 3373
[22/Aug/2016 17:06:19] "GET /static/css/font-awesome.min.css HTTP/1.1" 404 1689
[22/Aug/2016 17:06:27] "GET / HTTP/1.1" 200 3375
[22/Aug/2016 17:06:27] "GET /static/css/font-awesome.min.css HTTP/1.1" 404 1689
[22/Aug/2016 17:06:29] "GET / HTTP/1.1" 200 3375
[22/Aug/2016 17:06:29] "GET /static/css/font-awesome.min.css HTTP/1.1" 404 1689
[22/Aug/2016 17:06:29] "GET /tienda/ HTTP/1.1" 200 2486
[22/Aug/2016 17:06:29] "GET /static/css/font-awesome.min.css HTTP/1.1" 404 1689
[22/Aug/2016 17:06:32] "GET /p/1/ HTTP/1.1" 200 3217
[22/Aug/2016 17:06:32] "GET /static/css/font-awesome.min.css HTTP/1.1" 404 1689
[22/Aug/2016 17:06:35] "GET / HTTP/1.1" 200 3372
[22/Aug/2016 17:06:35] "GET /static/css/font-awesome.min.css HTTP/1.1" 404 1689
[22/Aug/2016 17:06:43] "GET /static/css/font-awesome.min.css HTTP/1.1" 404 1689
[22/Aug/2016 17:06:43] "GET / HTTP/1.1" 200 3373
[22/Aug/2016 17:06:43] "GET /static/css/bootstrap.css HTTP/1.1" 304 0
[22/Aug/2016 17:06:43] "GET /static/css/bootstrap-theme.css HTTP/1.1" 304 0
[22/Aug/2016 17:06:43] "GET /static/js/jquery.min.js HTTP/1.1" 304 0
[22/Aug/2016 17:06:43] "GET /static/css/font-awesome.min.css HTTP/1.1" 404 1689
[22/Aug/2016 17:06:43] "GET /static/js/bootstrap.min.js HTTP/1.1" 304 0
[22/Aug/2016 17:06:52] "GET / HTTP/1.1" 200 3373
[22/Aug/2016 17:06:52] "GET /static/css/bootstrap.css HTTP/1.1" 304 0
[22/Aug/2016 17:06:52] "GET /static/css/bootstrap-theme.css HTTP/1.1" 304 0
[22/Aug/2016 17:06:52] "GET /static/css/font-awesome.min.css HTTP/1.1" 404 1689
[22/Aug/2016 17:06:52] "GET /static/js/jquery.min.js HTTP/1.1" 304 0
[22/Aug/2016 17:06:52] "GET /static/js/bootstrap.min.js HTTP/1.1" 304 0
[22/Aug/2016 17:06:56] "GET / HTTP/1.1" 200 3448
[22/Aug/2016 17:06:56] "GET /static/css/bootstrap.css HTTP/1.1" 304 0
[22/Aug/2016 17:06:56] "GET /static/css/font-awesome.min.css HTTP/1.1" 404 1689
[22/Aug/2016 17:06:56] "GET /static/css/bootstrap-theme.css HTTP/1.1" 304 0
[22/Aug/2016 17:06:56] "GET /static/js/jquery.min.js HTTP/1.1" 304 0
[22/Aug/2016 17:06:56] "GET /static/js/bootstrap.min.js HTTP/1.1" 304 0
[22/Aug/2016 17:06:59] "GET / HTTP/1.1" 200 3446
[22/Aug/2016 17:06:59] "GET /static/css/font-awesome.min.css HTTP/1.1" 404 1689
[22/Aug/2016 17:07:01] "GET / HTTP/1.1" 200 3449
[22/Aug/2016 17:07:01] "GET /static/css/font-awesome.min.css HTTP/1.1" 404 1689
[22/Aug/2016 17:07:05] "GET /p/2/ HTTP/1.1" 200 4742
[22/Aug/2016 17:07:05] "GET /static/css/font-awesome.min.css HTTP/1.1" 404 1689
[22/Aug/2016 17:07:07] "GET /r/3/ HTTP/1.1" 200 5477
[22/Aug/2016 17:07:07] "GET /static/css/font-awesome.min.css HTTP/1.1" 404 1689
[22/Aug/2016 17:07:14] "GET / HTTP/1.1" 200 3449
[22/Aug/2016 17:07:14] "GET /static/css/font-awesome.min.css HTTP/1.1" 404 1689
[22/Aug/2016 17:07:20] "GET /p/4/ HTTP/1.1" 200 4293
[22/Aug/2016 17:07:20] "GET /static/css/font-awesome.min.css HTTP/1.1" 404 1689
[22/Aug/2016 17:07:26] "GET /r/3/ HTTP/1.1" 200 5478
[22/Aug/2016 17:07:26] "GET /static/css/font-awesome.min.css HTTP/1.1" 404 1689
[22/Aug/2016 17:07:28] "GET / HTTP/1.1" 200 3446
[22/Aug/2016 17:07:28] "GET / HTTP/1.1" 200 3446
[22/Aug/2016 17:07:28] "GET /static/css/font-awesome.min.css HTTP/1.1" 404 1689
[22/Aug/2016 17:07:29] "GET /r/4/ HTTP/1.1" 200 3820
[22/Aug/2016 17:07:29] "GET /static/css/font-awesome.min.css HTTP/1.1" 404 1689
[22/Aug/2016 17:07:31] "GET /tienda/ HTTP/1.1" 200 2489
[22/Aug/2016 17:07:31] "GET /static/css/font-awesome.min.css HTTP/1.1" 404 1689
[22/Aug/2016 17:07:34] "GET /tienda/c/3/ HTTP/1.1" 302 0
[22/Aug/2016 17:07:35] "GET /p/4/ HTTP/1.1" 200 4294
[22/Aug/2016 17:07:35] "GET /static/css/font-awesome.min.css HTTP/1.1" 404 1689
[22/Aug/2016 17:07:37] "GET / HTTP/1.1" 200 3449
[22/Aug/2016 17:07:37] "GET /static/css/font-awesome.min.css HTTP/1.1" 404 1689
[22/Aug/2016 17:07:38] "GET /tienda/ HTTP/1.1" 200 2486
[22/Aug/2016 17:07:38] "GET /static/css/font-awesome.min.css HTTP/1.1" 404 1689
[22/Aug/2016 17:07:38] "GET /r/4/ HTTP/1.1" 200 3824
[22/Aug/2016 17:07:38] "GET /static/css/font-awesome.min.css HTTP/1.1" 404 1689
[22/Aug/2016 17:07:38] "GET / HTTP/1.1" 200 3447
[22/Aug/2016 17:07:39] "GET /static/css/font-awesome.min.css HTTP/1.1" 404 1689
[22/Aug/2016 17:07:39] "GET /tienda/c/3/ HTTP/1.1" 302 0
[22/Aug/2016 17:07:39] "GET /p/1/ HTTP/1.1" 200 3218
[22/Aug/2016 17:07:39] "GET /static/css/font-awesome.min.css HTTP/1.1" 404 1689
[22/Aug/2016 17:07:40] "GET /tienda/ HTTP/1.1" 200 2487
[22/Aug/2016 17:07:40] "GET /static/css/font-awesome.min.css HTTP/1.1" 404 1689
[22/Aug/2016 17:07:42] "GET / HTTP/1.1" 200 3446
[22/Aug/2016 17:07:42] "GET /tienda/c/3/ HTTP/1.1" 302 0
[22/Aug/2016 17:07:42] "GET /static/css/font-awesome.min.css HTTP/1.1" 404 1689
[22/Aug/2016 17:07:42] "GET /p/2/ HTTP/1.1" 200 4741
[22/Aug/2016 17:07:42] "GET /static/css/font-awesome.min.css HTTP/1.1" 404 1689
[22/Aug/2016 17:07:43] "GET /r/4/ HTTP/1.1" 200 3821
[22/Aug/2016 17:07:43] "GET /static/css/font-awesome.min.css HTTP/1.1" 404 1689
[22/Aug/2016 17:07:46] "GET / HTTP/1.1" 200 3447
[22/Aug/2016 17:07:46] "GET /static/css/font-awesome.min.css HTTP/1.1" 404 1689
[22/Aug/2016 17:07:50] "POST /r/4/ HTTP/1.1" 302 0
[22/Aug/2016 17:07:50] "GET /r/4/ HTTP/1.1" 200 3928
[22/Aug/2016 17:07:50] "GET /static/css/font-awesome.min.css HTTP/1.1" 404 1689
[22/Aug/2016 17:07:53] "GET /r/4/ HTTP/1.1" 200 3926
[22/Aug/2016 17:07:53] "GET /static/css/font-awesome.min.css HTTP/1.1" 404 1689
[22/Aug/2016 17:07:55] "POST /r/4/ HTTP/1.1" 302 0
[22/Aug/2016 17:07:55] "GET /r/4/ HTTP/1.1" 200 4029
[22/Aug/2016 17:07:56] "GET /static/css/font-awesome.min.css HTTP/1.1" 404 1689
[22/Aug/2016 17:07:59] "POST /r/4/ HTTP/1.1" 302 0
[22/Aug/2016 17:07:59] "GET /r/4/ HTTP/1.1" 200 4129
[22/Aug/2016 17:07:59] "GET /static/css/font-awesome.min.css HTTP/1.1" 404 1689
[22/Aug/2016 17:08:01] "POST /r/4/ HTTP/1.1" 302 0
[22/Aug/2016 17:08:01] "POST /r/4/ HTTP/1.1" 302 0
[22/Aug/2016 17:08:01] "GET /r/4/ HTTP/1.1" 200 4332
[22/Aug/2016 17:08:01] "GET /static/css/font-awesome.min.css HTTP/1.1" 404 1689
[22/Aug/2016 17:08:01] "GET /r/4/ HTTP/1.1" 200 4334
[22/Aug/2016 17:08:01] "GET /static/css/font-awesome.min.css HTTP/1.1" 404 1689
[22/Aug/2016 17:08:02] "POST /r/4/ HTTP/1.1" 302 0
[22/Aug/2016 17:08:02] "GET /r/4/ HTTP/1.1" 200 4434
[22/Aug/2016 17:08:02] "GET /static/css/font-awesome.min.css HTTP/1.1" 404 1689
[22/Aug/2016 17:08:04] "POST /r/4/ HTTP/1.1" 302 0
[22/Aug/2016 17:08:04] "GET /r/4/ HTTP/1.1" 200 4539
[22/Aug/2016 17:08:04] "GET /static/css/font-awesome.min.css HTTP/1.1" 404 1689
[22/Aug/2016 17:08:05] "POST /r/4/ HTTP/1.1" 302 0
[22/Aug/2016 17:08:05] "GET /r/4/ HTTP/1.1" 200 4640
[22/Aug/2016 17:08:05] "GET /static/css/font-awesome.min.css HTTP/1.1" 404 1689
[22/Aug/2016 17:08:08] "POST /r/4/ HTTP/1.1" 302 0
[22/Aug/2016 17:08:09] "POST /r/4/ HTTP/1.1" 302 0
[22/Aug/2016 17:08:09] "GET /r/4/ HTTP/1.1" 200 4748
[22/Aug/2016 17:08:09] "GET /static/css/font-awesome.min.css HTTP/1.1" 404 1689
[22/Aug/2016 17:08:09] "GET /r/4/ HTTP/1.1" 200 4847
[22/Aug/2016 17:08:09] "GET /static/css/font-awesome.min.css HTTP/1.1" 404 1689
[22/Aug/2016 17:08:12] "POST /r/4/ HTTP/1.1" 302 0
[22/Aug/2016 17:08:12] "GET /r/4/ HTTP/1.1" 200 4952
[22/Aug/2016 17:08:12] "GET /static/css/font-awesome.min.css HTTP/1.1" 404 1689
[22/Aug/2016 17:08:13] "GET /p/4/ HTTP/1.1" 200 5082
[22/Aug/2016 17:08:13] "GET /static/css/font-awesome.min.css HTTP/1.1" 404 1689
[22/Aug/2016 17:08:13] "POST /r/4/ HTTP/1.1" 302 0
[22/Aug/2016 17:08:13] "GET /r/4/ HTTP/1.1" 200 5058
[22/Aug/2016 17:08:14] "GET /static/css/font-awesome.min.css HTTP/1.1" 404 1689
[22/Aug/2016 17:08:16] "GET / HTTP/1.1" 200 3449
[22/Aug/2016 17:08:16] "GET /static/css/font-awesome.min.css HTTP/1.1" 404 1689
[22/Aug/2016 17:08:17] "GET / HTTP/1.1" 200 3447
[22/Aug/2016 17:08:17] "GET /static/css/font-awesome.min.css HTTP/1.1" 404 1689
[22/Aug/2016 17:08:21] "POST /r/4/ HTTP/1.1" 302 0
[22/Aug/2016 17:08:22] "GET /r/4/ HTTP/1.1" 200 5159
[22/Aug/2016 17:08:22] "GET /static/css/font-awesome.min.css HTTP/1.1" 404 1689
[22/Aug/2016 17:08:25] "GET / HTTP/1.1" 200 3446
[22/Aug/2016 17:08:25] "GET /static/css/font-awesome.min.css HTTP/1.1" 404 1689
[22/Aug/2016 17:08:26] "GET /e/2/ HTTP/1.1" 200 1760
[22/Aug/2016 17:08:26] "GET /static/css/font-awesome.min.css HTTP/1.1" 404 1689
[22/Aug/2016 17:08:30] "GET /e/4/ HTTP/1.1" 200 1753
[22/Aug/2016 17:08:31] "GET /static/css/font-awesome.min.css HTTP/1.1" 404 1689
[22/Aug/2016 17:08:33] "GET /e/4/ HTTP/1.1" 200 1755
[22/Aug/2016 17:08:33] "GET /static/css/font-awesome.min.css HTTP/1.1" 404 1689
[22/Aug/2016 17:08:38] "GET / HTTP/1.1" 200 3447
[22/Aug/2016 17:08:39] "GET /static/css/font-awesome.min.css HTTP/1.1" 404 1689
[22/Aug/2016 17:08:40] "GET /e/1/ HTTP/1.1" 200 1756
[22/Aug/2016 17:08:41] "GET /static/css/font-awesome.min.css HTTP/1.1" 404 1689
[22/Aug/2016 17:08:43] "GET / HTTP/1.1" 200 3449
[22/Aug/2016 17:08:43] "GET /static/css/font-awesome.min.css HTTP/1.1" 404 1689
[22/Aug/2016 17:08:44] "GET / HTTP/1.1" 200 3446
[22/Aug/2016 17:08:44] "GET /static/css/font-awesome.min.css HTTP/1.1" 404 1689
[22/Aug/2016 17:08:46] "GET / HTTP/1.1" 200 3447
[22/Aug/2016 17:08:46] "GET /e/4/ HTTP/1.1" 200 1755
[22/Aug/2016 17:08:46] "GET /static/css/font-awesome.min.css HTTP/1.1" 404 1689
[22/Aug/2016 17:08:46] "GET /static/css/font-awesome.min.css HTTP/1.1" 404 1689
[22/Aug/2016 17:08:52] "GET / HTTP/1.1" 200 3449
[22/Aug/2016 17:08:52] "GET /static/css/font-awesome.min.css HTTP/1.1" 404 1689
[22/Aug/2016 17:08:53] "GET / HTTP/1.1" 200 3447
[22/Aug/2016 17:08:53] "GET /static/css/bootstrap-theme.css HTTP/1.1" 304 0
[22/Aug/2016 17:08:53] "GET /static/css/bootstrap.css HTTP/1.1" 304 0
[22/Aug/2016 17:08:53] "GET /static/css/font-awesome.min.css HTTP/1.1" 404 1689
[22/Aug/2016 17:08:53] "GET /static/js/jquery.min.js HTTP/1.1" 304 0
[22/Aug/2016 17:08:53] "GET /static/js/bootstrap.min.js HTTP/1.1" 304 0
[22/Aug/2016 17:08:54] "GET / HTTP/1.1" 200 3522
[22/Aug/2016 17:08:54] "GET /static/css/font-awesome.min.css HTTP/1.1" 404 1689
[22/Aug/2016 17:08:58] "GET / HTTP/1.1" 200 3513
[22/Aug/2016 17:08:58] "GET /static/css/font-awesome.min.css HTTP/1.1" 404 1689
[22/Aug/2016 17:08:59] "GET /p/4/ HTTP/1.1" 200 5082
[22/Aug/2016 17:09:00] "GET /static/css/font-awesome.min.css HTTP/1.1" 404 1689
[22/Aug/2016 17:09:00] "GET / HTTP/1.1" 200 3514
[22/Aug/2016 17:09:00] "GET /static/css/bootstrap.css HTTP/1.1" 304 0
[22/Aug/2016 17:09:00] "GET /static/css/bootstrap-theme.css HTTP/1.1" 304 0
[22/Aug/2016 17:09:00] "GET /static/css/font-awesome.min.css HTTP/1.1" 404 1689
[22/Aug/2016 17:09:00] "GET /static/js/bootstrap.min.js HTTP/1.1" 304 0
[22/Aug/2016 17:09:00] "GET /static/js/jquery.min.js HTTP/1.1" 304 0
[22/Aug/2016 17:09:01] "GET / HTTP/1.1" 200 3513
[22/Aug/2016 17:09:01] "GET /static/css/font-awesome.min.css HTTP/1.1" 404 1689
[22/Aug/2016 17:09:09] "GET /r/4/ HTTP/1.1" 200 5168
[22/Aug/2016 17:09:09] "GET /static/css/font-awesome.min.css HTTP/1.1" 404 1689
[22/Aug/2016 17:09:14] "GET /p/2/ HTTP/1.1" 200 5529
[22/Aug/2016 17:09:14] "GET /static/css/font-awesome.min.css HTTP/1.1" 404 1689
[22/Aug/2016 17:09:30] "GET / HTTP/1.1" 200 3516
[22/Aug/2016 17:09:30] "GET /static/css/font-awesome.min.css HTTP/1.1" 404 1689
[22/Aug/2016 17:09:34] "GET / HTTP/1.1" 200 3513
[22/Aug/2016 17:09:34] "GET /static/css/font-awesome.min.css HTTP/1.1" 404 1689
[22/Aug/2016 17:09:38] "GET /admin/main/ HTTP/1.1" 200 5440
[22/Aug/2016 17:09:40] "GET /admin/main/compra/ HTTP/1.1" 200 7519
[22/Aug/2016 17:09:40] "GET /admin/jsi18n/ HTTP/1.1" 200 6696
[22/Aug/2016 17:10:29] "GET / HTTP/1.1" 200 3514
[22/Aug/2016 17:10:29] "GET /static/css/font-awesome.min.css HTTP/1.1" 404 1689
Performing system checks...

System check identified no issues (0 silenced).
August 22, 2016 - 16:51:42
Django version 1.9.7, using settings 'escuela.settings'
Starting development server at http://0.0.0.0:8000/
Quit the server with CONTROL-C.
[22/Aug/2016 17:10:40] "GET /admin/main/compra/ HTTP/1.1" 200 7588
[22/Aug/2016 17:10:40] "GET /static/admin/css/base.css HTTP/1.1" 304 0
[22/Aug/2016 17:10:40] "GET /static/admin/css/changelists.css HTTP/1.1" 304 0
[22/Aug/2016 17:10:40] "GET /static/admin/js/core.js HTTP/1.1" 304 0
[22/Aug/2016 17:10:40] "GET /static/admin/js/jquery.init.js HTTP/1.1" 304 0
[22/Aug/2016 17:10:40] "GET /static/admin/js/vendor/jquery/jquery.js HTTP/1.1" 304 0
[22/Aug/2016 17:10:40] "GET /static/admin/js/admin/RelatedObjectLookups.js HTTP/1.1" 304 0
[22/Aug/2016 17:10:40] "GET /static/admin/js/actions.js HTTP/1.1" 304 0
[22/Aug/2016 17:10:40] "GET /admin/jsi18n/ HTTP/1.1" 200 6696
[22/Aug/2016 17:10:40] "GET /static/admin/css/fonts.css HTTP/1.1" 304 0
[22/Aug/2016 17:10:40] "GET /static/admin/js/urlify.js HTTP/1.1" 304 0
[22/Aug/2016 17:10:40] "GET /static/admin/js/prepopulate.js HTTP/1.1" 304 0
[22/Aug/2016 17:10:40] "GET /static/admin/js/vendor/xregexp/xregexp.min.js HTTP/1.1" 304 0
[22/Aug/2016 17:10:40] "GET /static/admin/fonts/Roboto-Regular-webfont.woff HTTP/1.1" 304 0
[22/Aug/2016 17:10:40] "GET /static/admin/fonts/Roboto-Light-webfont.woff HTTP/1.1" 304 0
[22/Aug/2016 17:10:40] "GET /static/admin/fonts/Roboto-Bold-webfont.woff HTTP/1.1" 304 0
[22/Aug/2016 17:10:40] "GET /static/admin/img/tooltag-add.svg HTTP/1.1" 304 0
[22/Aug/2016 17:12:34] "GET / HTTP/1.1" 200 3514
[22/Aug/2016 17:12:34] "GET /tienda/ HTTP/1.1" 200 2487
[22/Aug/2016 17:12:34] "GET / HTTP/1.1" 200 3514
[22/Aug/2016 17:12:34] "GET /static/css/font-awesome.min.css HTTP/1.1" 404 1689
[22/Aug/2016 17:12:35] "GET / HTTP/1.1" 200 3513
[22/Aug/2016 17:12:35] "GET /r/5/ HTTP/1.1" 200 3816
[22/Aug/2016 17:12:35] "GET /static/css/font-awesome.min.css HTTP/1.1" 404 1689
[22/Aug/2016 17:12:37] "GET /e/4/ HTTP/1.1" 200 1755
[22/Aug/2016 17:12:37] "GET /static/css/font-awesome.min.css HTTP/1.1" 404 1689
[22/Aug/2016 17:12:37] "GET /tienda/c/4/ HTTP/1.1" 302 0
[22/Aug/2016 17:12:37] "GET /p/2/ HTTP/1.1" 200 5530
[22/Aug/2016 17:12:37] "GET /static/css/font-awesome.min.css HTTP/1.1" 404 1689
[22/Aug/2016 17:12:38] "GET /tienda/ HTTP/1.1" 200 2486
[22/Aug/2016 17:12:38] "GET /static/css/font-awesome.min.css HTTP/1.1" 404 1689
[22/Aug/2016 17:12:41] "GET /e/1/ HTTP/1.1" 200 1758
[22/Aug/2016 17:12:41] "GET /static/css/font-awesome.min.css HTTP/1.1" 404 1689
[22/Aug/2016 17:12:41] "GET / HTTP/1.1" 200 3514
[22/Aug/2016 17:12:41] "GET /static/css/font-awesome.min.css HTTP/1.1" 404 1689
[22/Aug/2016 17:12:41] "GET / HTTP/1.1" 200 3513
[22/Aug/2016 17:12:41] "GET /static/css/font-awesome.min.css HTTP/1.1" 404 1689
[22/Aug/2016 17:12:43] "GET / HTTP/1.1" 200 3514
[22/Aug/2016 17:12:43] "GET /static/css/font-awesome.min.css HTTP/1.1" 404 1689
[22/Aug/2016 17:12:45] "GET /static/css/font-awesome.min.css HTTP/1.1" 404 1689
[22/Aug/2016 17:12:47] "GET /e/2/ HTTP/1.1" 200 1763
[22/Aug/2016 17:12:47] "GET /static/css/font-awesome.min.css HTTP/1.1" 404 1689
[22/Aug/2016 17:12:51] "GET /r/5/ HTTP/1.1" 200 3816
[22/Aug/2016 17:12:51] "GET /static/css/font-awesome.min.css HTTP/1.1" 404 1689
[22/Aug/2016 17:12:52] "GET /e/4/ HTTP/1.1" 200 1755
[22/Aug/2016 17:12:52] "GET /static/css/font-awesome.min.css HTTP/1.1" 404 1689
[22/Aug/2016 17:13:01] "GET /e/5/ HTTP/1.1" 200 1773
[22/Aug/2016 17:13:01] "GET /static/css/font-awesome.min.css HTTP/1.1" 404 1689
[22/Aug/2016 17:13:06] "GET /e/5/ HTTP/1.1" 200 1773
[22/Aug/2016 17:13:06] "GET /static/css/font-awesome.min.css HTTP/1.1" 404 1689
[22/Aug/2016 17:13:09] "GET /e/6/ HTTP/1.1" 200 1759
[22/Aug/2016 17:13:09] "GET /static/css/font-awesome.min.css HTTP/1.1" 404 1689
[22/Aug/2016 17:13:14] "GET /e/3/ HTTP/1.1" 200 1759
[22/Aug/2016 17:13:14] "GET /static/css/font-awesome.min.css HTTP/1.1" 404 1689
[22/Aug/2016 17:13:15] "GET /e/4/ HTTP/1.1" 200 1752
[22/Aug/2016 17:13:15] "GET /static/css/font-awesome.min.css HTTP/1.1" 404 1689
[22/Aug/2016 17:13:15] "GET /r/5/ HTTP/1.1" 200 3818
[22/Aug/2016 17:13:16] "GET /static/css/font-awesome.min.css HTTP/1.1" 404 1689
[22/Aug/2016 17:13:18] "GET /e/4/ HTTP/1.1" 200 1755
[22/Aug/2016 17:13:18] "GET /static/css/font-awesome.min.css HTTP/1.1" 404 1689
[22/Aug/2016 17:13:23] "GET /tienda/ HTTP/1.1" 200 2486
[22/Aug/2016 17:13:23] "GET /static/css/font-awesome.min.css HTTP/1.1" 404 1689
[22/Aug/2016 17:13:27] "GET / HTTP/1.1" 200 3514
[22/Aug/2016 17:13:27] "GET /static/css/font-awesome.min.css HTTP/1.1" 404 1689
[22/Aug/2016 17:13:28] "GET /tienda/ HTTP/1.1" 200 2489
[22/Aug/2016 17:13:28] "GET /static/css/font-awesome.min.css HTTP/1.1" 404 1689
[22/Aug/2016 17:13:28] "GET /tienda/c/4/ HTTP/1.1" 302 0
[22/Aug/2016 17:13:29] "GET /p/1/ HTTP/1.1" 200 3691
[22/Aug/2016 17:13:29] "GET /static/css/font-awesome.min.css HTTP/1.1" 404 1689
[22/Aug/2016 17:13:30] "GET /e/1/ HTTP/1.1" 200 1756
[22/Aug/2016 17:13:30] "GET /static/css/font-awesome.min.css HTTP/1.1" 404 1689
[22/Aug/2016 17:13:31] "GET /tienda/c/4/ HTTP/1.1" 302 0
[22/Aug/2016 17:13:32] "GET /p/4/ HTTP/1.1" 200 5083
[22/Aug/2016 17:13:32] "GET /static/css/font-awesome.min.css HTTP/1.1" 404 1689
[22/Aug/2016 17:13:32] "GET /r/5/ HTTP/1.1" 200 3817
[22/Aug/2016 17:13:32] "GET /static/css/font-awesome.min.css HTTP/1.1" 404 1689
[22/Aug/2016 17:13:35] "GET / HTTP/1.1" 200 3516
[22/Aug/2016 17:13:35] "GET /static/css/font-awesome.min.css HTTP/1.1" 404 1689
[22/Aug/2016 17:13:37] "GET /r/5/ HTTP/1.1" 200 3820
[22/Aug/2016 17:13:37] "GET /static/css/font-awesome.min.css HTTP/1.1" 404 1689
[22/Aug/2016 17:13:38] "GET /r/5/ HTTP/1.1" 200 3818
[22/Aug/2016 17:13:38] "GET /static/css/font-awesome.min.css HTTP/1.1" 404 1689
[22/Aug/2016 17:13:42] "POST /r/5/ HTTP/1.1" 302 0
[22/Aug/2016 17:13:42] "GET /r/5/ HTTP/1.1" 200 3919
[22/Aug/2016 17:13:42] "GET /static/css/font-awesome.min.css HTTP/1.1" 404 1689
[22/Aug/2016 17:13:43] "GET / HTTP/1.1" 200 3514
[22/Aug/2016 17:13:43] "GET /static/css/font-awesome.min.css HTTP/1.1" 404 1689
[22/Aug/2016 17:13:44] "GET /e/2/ HTTP/1.1" 200 1761
[22/Aug/2016 17:13:45] "GET /static/css/font-awesome.min.css HTTP/1.1" 404 1689
[22/Aug/2016 17:13:45] "POST /r/5/ HTTP/1.1" 302 0
[22/Aug/2016 17:13:45] "GET /r/5/ HTTP/1.1" 200 4025
[22/Aug/2016 17:13:45] "GET /static/css/font-awesome.min.css HTTP/1.1" 404 1689
[22/Aug/2016 17:13:48] "GET / HTTP/1.1" 200 3514
[22/Aug/2016 17:13:48] "GET /static/css/font-awesome.min.css HTTP/1.1" 404 1689
[22/Aug/2016 17:13:50] "GET /r/5/ HTTP/1.1" 200 4022
[22/Aug/2016 17:13:50] "GET /static/css/bootstrap.css HTTP/1.1" 304 0
[22/Aug/2016 17:13:50] "GET /static/css/font-awesome.min.css HTTP/1.1" 404 1689
[22/Aug/2016 17:13:50] "GET /static/css/bootstrap-theme.css HTTP/1.1" 304 0
[22/Aug/2016 17:13:50] "GET /static/js/jquery.min.js HTTP/1.1" 304 0
[22/Aug/2016 17:13:50] "GET /static/js/bootstrap.min.js HTTP/1.1" 304 0
[22/Aug/2016 17:13:51] "GET /e/3/ HTTP/1.1" 200 1757
[22/Aug/2016 17:13:51] "GET /static/css/font-awesome.min.css HTTP/1.1" 404 1689
[22/Aug/2016 17:13:58] "GET / HTTP/1.1" 200 3514
[22/Aug/2016 17:13:58] "GET /static/css/font-awesome.min.css HTTP/1.1" 404 1689
[22/Aug/2016 17:14:01] "GET /e/5/ HTTP/1.1" 200 1771
[22/Aug/2016 17:14:01] "GET /static/css/font-awesome.min.css HTTP/1.1" 404 1689
[22/Aug/2016 17:14:14] "GET /e/4/ HTTP/1.1" 200 1752
[22/Aug/2016 17:14:14] "GET /static/css/font-awesome.min.css HTTP/1.1" 404 1689
[22/Aug/2016 17:14:17] "GET / HTTP/1.1" 200 3514
[22/Aug/2016 17:14:17] "GET /static/css/font-awesome.min.css HTTP/1.1" 404 1689
[22/Aug/2016 17:14:20] "GET /e/6/ HTTP/1.1" 200 1757
[22/Aug/2016 17:14:20] "GET /static/css/font-awesome.min.css HTTP/1.1" 404 1689
[22/Aug/2016 17:14:20] "GET /e/4/ HTTP/1.1" 200 1752
[22/Aug/2016 17:14:21] "GET /static/css/font-awesome.min.css HTTP/1.1" 404 1689
[22/Aug/2016 17:14:25] "GET / HTTP/1.1" 200 3514
[22/Aug/2016 17:14:26] "GET /static/css/font-awesome.min.css HTTP/1.1" 404 1689
[22/Aug/2016 17:14:27] "GET /e/3/ HTTP/1.1" 200 1757
[22/Aug/2016 17:14:27] "GET /static/css/font-awesome.min.css HTTP/1.1" 404 1689
[22/Aug/2016 17:14:30] "GET / HTTP/1.1" 200 3514
[22/Aug/2016 17:14:30] "GET /static/css/font-awesome.min.css HTTP/1.1" 404 1689
[22/Aug/2016 17:14:32] "GET /e/4/ HTTP/1.1" 200 1753
[22/Aug/2016 17:14:32] "GET /static/css/font-awesome.min.css HTTP/1.1" 404 1689
[22/Aug/2016 17:14:42] "POST /r/5/ HTTP/1.1" 302 0
[22/Aug/2016 17:14:43] "GET /r/5/ HTTP/1.1" 200 4125
[22/Aug/2016 17:14:43] "GET /static/css/font-awesome.min.css HTTP/1.1" 404 1689
[22/Aug/2016 17:14:50] "GET /r/5/ HTTP/1.1" 200 4127
[22/Aug/2016 17:14:50] "GET /static/css/bootstrap.css HTTP/1.1" 304 0
[22/Aug/2016 17:14:50] "GET /static/css/bootstrap-theme.css HTTP/1.1" 304 0
[22/Aug/2016 17:14:50] "GET /static/css/font-awesome.min.css HTTP/1.1" 404 1689
[22/Aug/2016 17:14:50] "GET /static/js/jquery.min.js HTTP/1.1" 304 0
[22/Aug/2016 17:14:50] "GET /static/js/bootstrap.min.js HTTP/1.1" 304 0
[22/Aug/2016 17:14:52] "GET /r/5/ HTTP/1.1" 200 4124
[22/Aug/2016 17:14:52] "GET /static/css/font-awesome.min.css HTTP/1.1" 404 1689
[22/Aug/2016 17:14:52] "GET / HTTP/1.1" 200 3514
[22/Aug/2016 17:14:53] "GET /static/css/font-awesome.min.css HTTP/1.1" 404 1689
[22/Aug/2016 17:14:57] "GET / HTTP/1.1" 200 3514
[22/Aug/2016 17:14:57] "GET /static/css/font-awesome.min.css HTTP/1.1" 404 1689
[22/Aug/2016 17:14:58] "GET / HTTP/1.1" 200 3516
[22/Aug/2016 17:14:58] "GET /static/css/font-awesome.min.css HTTP/1.1" 404 1689
[22/Aug/2016 17:15:03] "GET / HTTP/1.1" 200 3582
[22/Aug/2016 17:15:03] "GET /static/css/bootstrap.css HTTP/1.1" 304 0
[22/Aug/2016 17:15:03] "GET /static/css/bootstrap-theme.css HTTP/1.1" 304 0
[22/Aug/2016 17:15:03] "GET /static/css/font-awesome.min.css HTTP/1.1" 404 1689
[22/Aug/2016 17:15:03] "GET /static/js/bootstrap.min.js HTTP/1.1" 304 0
[22/Aug/2016 17:15:03] "GET /static/js/jquery.min.js HTTP/1.1" 304 0
[22/Aug/2016 17:15:04] "GET /r/5/ HTTP/1.1" 200 4136
[22/Aug/2016 17:15:04] "GET /static/css/font-awesome.min.css HTTP/1.1" 404 1689
[22/Aug/2016 17:15:04] "GET / HTTP/1.1" 200 3581
[22/Aug/2016 17:15:04] "GET /static/css/font-awesome.min.css HTTP/1.1" 404 1689
[22/Aug/2016 17:15:08] "GET / HTTP/1.1" 200 3578
[22/Aug/2016 17:15:08] "GET /static/css/font-awesome.min.css HTTP/1.1" 404 1689
[22/Aug/2016 17:18:23] "GET /e/3/ HTTP/1.1" 200 1759
[22/Aug/2016 17:18:23] "GET /static/css/font-awesome.min.css HTTP/1.1" 404 1689
[22/Aug/2016 17:18:32] "GET /e/4/ HTTP/1.1" 200 1753
[22/Aug/2016 17:18:32] "GET /static/css/font-awesome.min.css HTTP/1.1" 404 1689
[22/Aug/2016 17:19:28] "GET / HTTP/1.1" 200 3578
[22/Aug/2016 17:19:28] "GET /static/css/font-awesome.min.css HTTP/1.1" 404 1689
[22/Aug/2016 17:22:37] "GET / HTTP/1.1" 200 3303
[22/Aug/2016 17:22:37] "GET /static/css/bootstrap-theme.css HTTP/1.1" 200 26132
[22/Aug/2016 17:22:38] "GET /static/css/font-awesome.min.css HTTP/1.1" 404 1689
[22/Aug/2016 17:22:38] "GET /static/js/jquery.min.js HTTP/1.1" 200 97403
[22/Aug/2016 17:22:38] "GET /static/js/bootstrap.min.js HTTP/1.1" 200 37045
[22/Aug/2016 17:22:38] "GET /static/css/bootstrap.css HTTP/1.1" 200 146010
Not Found: /favicon.ico
[22/Aug/2016 17:22:44] "GET /favicon.ico HTTP/1.1" 404 3774
Performing system checks...

System check identified no issues (0 silenced).
August 22, 2016 - 17:10:39
Django version 1.9.7, using settings 'escuela.settings'
Starting development server at http://0.0.0.0:8000/
Quit the server with CONTROL-C.
[22/Aug/2016 17:26:43] "GET /r/6/ HTTP/1.1" 200 3797
[22/Aug/2016 17:26:43] "GET /static/css/font-awesome.min.css HTTP/1.1" 404 1689
[22/Aug/2016 17:26:47] "GET /r/2/ HTTP/1.1" 200 4012
[22/Aug/2016 17:26:47] "GET /static/css/font-awesome.min.css HTTP/1.1" 404 1689
[22/Aug/2016 17:26:50] "GET /r/3/ HTTP/1.1" 200 4236
[22/Aug/2016 17:26:50] "GET /static/css/font-awesome.min.css HTTP/1.1" 404 1689
[22/Aug/2016 17:27:05] "GET / HTTP/1.1" 200 3578
[22/Aug/2016 17:27:05] "GET /static/css/font-awesome.min.css HTTP/1.1" 404 1689
[22/Aug/2016 17:27:06] "GET /e/5/ HTTP/1.1" 200 1770
[22/Aug/2016 17:27:06] "GET /static/css/font-awesome.min.css HTTP/1.1" 404 1689
[22/Aug/2016 17:27:10] "GET / HTTP/1.1" 200 3578
[22/Aug/2016 17:27:10] "GET /static/css/font-awesome.min.css HTTP/1.1" 404 1689
[22/Aug/2016 17:27:14] "GET /p/2/ HTTP/1.1" 200 5680
[22/Aug/2016 17:27:14] "GET /static/css/font-awesome.min.css HTTP/1.1" 404 1689
[22/Aug/2016 17:27:16] "GET / HTTP/1.1" 200 3578
[22/Aug/2016 17:27:16] "GET /static/css/font-awesome.min.css HTTP/1.1" 404 1689
Performing system checks...

System check identified no issues (0 silenced).
August 22, 2016 - 17:26:41
Django version 1.9.7, using settings 'escuela.settings'
Starting development server at http://0.0.0.0:8000/
Quit the server with CONTROL-C.
[22/Aug/2016 17:29:53] "GET /p/1/ HTTP/1.1" 200 4643
[22/Aug/2016 17:29:53] "GET /static/css/font-awesome.min.css HTTP/1.1" 404 1689
Performing system checks...

System check identified no issues (0 silenced).
August 22, 2016 - 17:27:55
Django version 1.9.7, using settings 'escuela.settings'
Starting development server at http://0.0.0.0:8000/
Quit the server with CONTROL-C.
[22/Aug/2016 17:30:07] "GET /p/1/ HTTP/1.1" 200 4618
[22/Aug/2016 17:30:07] "GET /static/js/jquery.min.js HTTP/1.1" 304 0
[22/Aug/2016 17:30:07] "GET /static/css/bootstrap-theme.css HTTP/1.1" 304 0
[22/Aug/2016 17:30:07] "GET /static/css/font-awesome.min.css HTTP/1.1" 404 1689
[22/Aug/2016 17:30:07] "GET /static/css/bootstrap.css HTTP/1.1" 304 0
[22/Aug/2016 17:30:07] "GET /static/js/bootstrap.min.js HTTP/1.1" 304 0
[22/Aug/2016 17:30:33] "GET /p/2 HTTP/1.1" 301 0
[22/Aug/2016 17:30:34] "GET /p/2/ HTTP/1.1" 200 6667
[22/Aug/2016 17:30:34] "GET /static/css/font-awesome.min.css HTTP/1.1" 404 1689
[22/Aug/2016 17:31:54] "GET / HTTP/1.1" 200 3578
[22/Aug/2016 17:31:54] "GET /static/css/font-awesome.min.css HTTP/1.1" 404 1689
[22/Aug/2016 17:31:56] "GET /e/1/ HTTP/1.1" 200 1755
[22/Aug/2016 17:31:56] "GET /static/css/font-awesome.min.css HTTP/1.1" 404 1689
[22/Aug/2016 17:33:28] "GET / HTTP/1.1" 200 3373
[22/Aug/2016 17:33:28] "GET /static/css/bootstrap.css HTTP/1.1" 304 0
[22/Aug/2016 17:33:28] "GET /static/css/font-awesome.min.css HTTP/1.1" 404 1689
[22/Aug/2016 17:33:28] "GET /static/css/bootstrap-theme.css HTTP/1.1" 304 0
[22/Aug/2016 17:33:28] "GET /static/js/jquery.min.js HTTP/1.1" 304 0
[22/Aug/2016 17:33:28] "GET /static/js/bootstrap.min.js HTTP/1.1" 304 0
[22/Aug/2016 17:33:54] "GET /p/1/ HTTP/1.1" 200 4413
[22/Aug/2016 17:33:55] "GET /static/css/font-awesome.min.css HTTP/1.1" 404 1689
[22/Aug/2016 17:34:03] "GET / HTTP/1.1" 200 3373
[22/Aug/2016 17:34:03] "GET /static/css/font-awesome.min.css HTTP/1.1" 404 1689
[22/Aug/2016 17:34:23] "GET /login/ HTTP/1.1" 200 1870
[22/Aug/2016 17:34:24] "GET /static/css/font-awesome.min.css HTTP/1.1" 404 1689
[22/Aug/2016 17:34:28] "GET / HTTP/1.1" 200 3373
[22/Aug/2016 17:34:28] "GET /static/css/font-awesome.min.css HTTP/1.1" 404 1689
[22/Aug/2016 17:35:19] "GET /admin/ HTTP/1.1" 200 9612
[22/Aug/2016 17:35:56] "GET /admin/main/ HTTP/1.1" 200 5440
[22/Aug/2016 17:35:57] "GET /admin/main/equipo/ HTTP/1.1" 200 5503
[22/Aug/2016 17:35:57] "GET /admin/jsi18n/ HTTP/1.1" 200 6696
[22/Aug/2016 17:35:59] "GET /admin/main/equipo/6/change/ HTTP/1.1" 200 4850
[22/Aug/2016 17:35:59] "GET /admin/jsi18n/ HTTP/1.1" 200 6696
[22/Aug/2016 17:36:06] "GET / HTTP/1.1" 200 3649
[22/Aug/2016 17:36:07] "GET /static/css/font-awesome.min.css HTTP/1.1" 404 1689
[22/Aug/2016 17:36:14] "GET /static/css/font-awesome.min.css HTTP/1.1" 404 1689
[22/Aug/2016 17:36:14] "GET /static/css/bootstrap-theme.css.map HTTP/1.1" 200 47706
[22/Aug/2016 17:36:14] "GET /static/css/bootstrap.css.map HTTP/1.1" 200 389287
Performing system checks...

System check identified no issues (0 silenced).
August 22, 2016 - 17:30:06
Django version 1.9.7, using settings 'escuela.settings'
Starting development server at http://0.0.0.0:8000/
Quit the server with CONTROL-C.
